IQ-TREE multicore version 1.6.12 for Linux 64-bit built Mar 23 2020
Developed by Bui Quang Minh, Nguyen Lam Tung, Olga Chernomor,
Heiko Schmidt, Dominik Schrempf, Michael Woodhams.

Host:    rklitting-Precision-5570 (AVX2, FMA3, 31 GB RAM)
Command: iqtree -s /home/rklitting/Documents/GitHub/WNV_phylo_2024-2025/alns/west-nile_nuc_aln_CDS_renamed620_time_loc_wHumMozAnim_clean_2025-08-26.fasta -bb 1000
Seed:    549104 (Using SPRNG - Scalable Parallel Random Number Generator)
Time:    Mon Sep  1 14:18:00 2025
Kernel:  AVX+FMA - 1 threads (20 CPU cores detected)

HINT: Use -nt option to specify number of threads because your CPU has 20 cores!
HINT: -nt AUTO will automatically determine the best number of threads to use.

Reading alignment file /home/rklitting/Documents/GitHub/WNV_phylo_2024-2025/alns/west-nile_nuc_aln_CDS_renamed620_time_loc_wHumMozAnim_clean_2025-08-26.fasta ... Fasta format detected
Alignment most likely contains DNA/RNA sequences
Alignment has 620 sequences with 10302 columns, 4254 distinct patterns
2164 parsimony-informative, 1469 singleton sites, 6669 constant sites
WARNING: Some sequence names are changed as follows:
PP_002XE3H|Hungary|2024-08-29 -> PP_002XE3H_Hungary_2024-08-29
PP_002XE4F|Hungary|2024-09-10 -> PP_002XE4F_Hungary_2024-09-10
PP_002Y8RA|Italy|2022-08-06 -> PP_002Y8RA_Italy_2022-08-06
WNV-83373-2|FRA-cheval-blanc|2025-07-18 -> WNV-83373-2_FRA-cheval-blanc_2025-07-18
WNV-83278-2|FRA-Pierrefitte|2025-08-04 -> WNV-83278-2_FRA-Pierrefitte_2025-08-04
WNV-83190-1|FRA-Epinay|2025-07-26 -> WNV-83190-1_FRA-Epinay_2025-07-26
WNV-69279|FRA-Gironde|2023-09-12 -> WNV-69279_FRA-Gironde_2023-09-12
OZ221437|Spain|2024-09-10 -> OZ221437_Spain_2024-09-10
Conq|France-33|2023-07-17 -> Conq_France-33_2023-07-17
p35|France-17|2023-09-27 -> p35_France-17_2023-09-27
p52|France-17|2023-09-23 -> p52_France-17_2023-09-23
p63|France-17|2023-10-03 -> p63_France-17_2023-10-03
p67|France-17|2023-10-03 -> p67_France-17_2023-10-03
p89|France-17|2023-08-14 -> p89_France-17_2023-08-14
p97|France-17|2023-08-11 -> p97_France-17_2023-08-11
p105|France-17|2023-07-03 -> p105_France-17_2023-07-03
p126|France-17|2023-08-14 -> p126_France-17_2023-08-14
p127|France-17|2023-08-20 -> p127_France-17_2023-08-20
WNV-MGO-CAB|FRA-34|2024-09-13 -> WNV-MGO-CAB_FRA-34_2024-09-13
WNV-MRV-BRV|FRA-34|2024-09-30 -> WNV-MRV-BRV_FRA-34_2024-09-30
WNV-MTP-NDO|FRA-34|2024-09-17 -> WNV-MTP-NDO_FRA-34_2024-09-17
WNV-SLA-MUR|FRA-30|2024-08-16 -> WNV-SLA-MUR_FRA-30_2024-08-16
WNV-SLA-TCR|FRA-30|2024-08-30 -> WNV-SLA-TCR_FRA-30_2024-08-30
63722|FRA-Var|2022-09-30 -> 63722_FRA-Var_2022-09-30
77216-2|FRA-Var|2024-08-23 -> 77216-2_FRA-Var_2024-08-23
Candillargues-C9|FRA-Herault|2024-08-21 -> Candillargues-C9_FRA-Herault_2024-08-21
Elysettes-C2|FRA-Guard|2024-09-03 -> Elysettes-C2_FRA-Guard_2024-09-03
Lattes-E12|FRA-Herault|2024-08-28 -> Lattes-E12_FRA-Herault_2024-08-28
Lattes-MX|FRA-Herault|2024-08-28 -> Lattes-MX_FRA-Herault_2024-08-28
Echovert-C3-P1V|FRA-Guard|2024-08-29 -> Echovert-C3-P1V_FRA-Guard_2024-08-29
Ollioules-BG3-MX|FRA-Var|2024-08-23 -> Ollioules-BG3-MX_FRA-Var_2024-08-23
Ollioules-BG3-Cx39|FRA-Var|2024-08-02 -> Ollioules-BG3-Cx39_FRA-Var_2024-08-02
Ollioules-BG3-MX|FRA-Var|2024-08-02 -> Ollioules-BG3-MX_FRA-Var_2024-08-02
Cx20-batch2-Zen-Pets-Residence|FRA-Gironde|2023-07-25 -> Cx20-batch2-Zen-Pets-Residence_FRA-Gironde_2023-07-25
Cx3-batch2-Zen-Pets-Residence|FRA-Gironde|2023-07-25 -> Cx3-batch2-Zen-Pets-Residence_FRA-Gironde_2023-07-25
Cx12-batch1-Zen-Pets-Pres|FRA-Gironde|2023-08-03 -> Cx12-batch1-Zen-Pets-Pres_FRA-Gironde_2023-08-03
Cx4-batch3-Parc-Bordelais|FRA-Gironde|2023-08-24 -> Cx4-batch3-Parc-Bordelais_FRA-Gironde_2023-08-24
8406|FRA-CM|2023-07-31 -> 8406_FRA-CM_2023-07-31
231|FRA-BdR|2023 -> 231_FRA-BdR_2023
8548|FRA-Vienne|2024-09-12 -> 8548_FRA-Vienne_2024-09-12
8747|FRA-CM|2023-08-27 -> 8747_FRA-CM_2023-08-27
8550|FRA-Vienne|2024-09-12 -> 8550_FRA-Vienne_2024-09-12
8576|FRA-Var|2024-09-17 -> 8576_FRA-Var_2024-09-17
8987|FRA-CM|2024-10-04 -> 8987_FRA-CM_2024-10-04
JET8|FRA-Herault|2024-09-11 -> JET8_FRA-Herault_2024-09-11
8402|FRA-CM|2023-07-27 -> 8402_FRA-CM_2023-07-27
8403|FRA-CM|2023-07-27 -> 8403_FRA-CM_2023-07-27
8404|FRA-CM|2023-07-17 -> 8404_FRA-CM_2023-07-17
8405|FRA-CM|2023-07-17 -> 8405_FRA-CM_2023-07-17
PP_0000CUZ|South-Africa|2008-04-15 -> PP_0000CUZ_South-Africa_2008-04-15
PP_0000ES1|Italy|2011-09 -> PP_0000ES1_Italy_2011-09
PP_0000JHF|Serbia|2012 -> PP_0000JHF_Serbia_2012
PP_0000JRZ|Hungary|2010 -> PP_0000JRZ_Hungary_2010
PP_0000JSX|Serbia|2010 -> PP_0000JSX_Serbia_2010
PP_0000PL4|Greece|2012-09 -> PP_0000PL4_Greece_2012-09
PP_0000PM2|Austria|2008 -> PP_0000PM2_Austria_2008
PP_0000PSS|Italy|2013-08 -> PP_0000PSS_Italy_2013-08
PP_0000PTQ|Italy|2013-08 -> PP_0000PTQ_Italy_2013-08
PP_0000PUN|Italy|2013-08 -> PP_0000PUN_Italy_2013-08
PP_0000PVL|Italy|2013-08 -> PP_0000PVL_Italy_2013-08
PP_0000PWJ|Italy|2013-08 -> PP_0000PWJ_Italy_2013-08
PP_0000PXG|Italy|2013-08 -> PP_0000PXG_Italy_2013-08
PP_0000QGC|Italy|2013-08 -> PP_0000QGC_Italy_2013-08
PP_0000QJ7|Italy|2013-10 -> PP_0000QJ7_Italy_2013-10
PP_0000V7R|Greece|2013 -> PP_0000V7R_Greece_2013
PP_0000VEB|Greece|2013 -> PP_0000VEB_Greece_2013
PP_00017FV|Greece|2013 -> PP_00017FV_Greece_2013
PP_00017GT|Greece|2013 -> PP_00017GT_Greece_2013
PP_00017HQ|Greece|2013 -> PP_00017HQ_Greece_2013
PP_00017JN|Greece|2013 -> PP_00017JN_Greece_2013
PP_00017KL|Greece|2013 -> PP_00017KL_Greece_2013
PP_00017LJ|Greece|2013 -> PP_00017LJ_Greece_2013
PP_00017MG|Greece|2013 -> PP_00017MG_Greece_2013
PP_00017NE|Greece|2013 -> PP_00017NE_Greece_2013
PP_00017PC|Greece|2013 -> PP_00017PC_Greece_2013
PP_00017QA|Greece|2013 -> PP_00017QA_Greece_2013
PP_00017S6|Romania|2013-08-27 -> PP_00017S6_Romania_2013-08-27
PP_00018FU|South-Africa|1977 -> PP_00018FU_South-Africa_1977
PP_00018HP|Czech-Republic|2013-08-08 -> PP_00018HP_Czech-Republic_2013-08-08
PP_00018JM|Czech-Republic|2013-08-08 -> PP_00018JM_Czech-Republic_2013-08-08
PP_00018KK|Czech-Republic|2013-08-08 -> PP_00018KK_Czech-Republic_2013-08-08
PP_00018LH|Czech-Republic|2013-08-08 -> PP_00018LH_Czech-Republic_2013-08-08
PP_00019ZQ|Austria|2014 -> PP_00019ZQ_Austria_2014
PP_0001AA2|Austria|2014 -> PP_0001AA2_Austria_2014
PP_0001AB0|Austria|2014 -> PP_0001AB0_Austria_2014
PP_0001AQ7|Hungary|2014 -> PP_0001AQ7_Hungary_2014
PP_0001AVX|Austria|2008-08-29 -> PP_0001AVX_Austria_2008-08-29
PP_0001AWV|Austria|2009-09-16 -> PP_0001AWV_Austria_2009-09-16
PP_0001AXT|Austria|2011-03-14 -> PP_0001AXT_Austria_2011-03-14
PP_0001AYR|Austria|2014-08-21 -> PP_0001AYR_Austria_2014-08-21
PP_0001AZP|Italy|2014 -> PP_0001AZP_Italy_2014
PP_0001B0M|Italy|2014 -> PP_0001B0M_Italy_2014
PP_0001B1K|Italy|2014 -> PP_0001B1K_Italy_2014
PP_0001B2H|Italy|2014 -> PP_0001B2H_Italy_2014
PP_0001B3F|Italy|2014 -> PP_0001B3F_Italy_2014
PP_0001B4D|Italy|2014 -> PP_0001B4D_Italy_2014
PP_0001B5B|Italy|2014 -> PP_0001B5B_Italy_2014
PP_0001B69|Italy|2013 -> PP_0001B69_Italy_2013
PP_0001F3B|Italy|2014-07-15 -> PP_0001F3B_Italy_2014-07-15
PP_0001F49|Italy|2014-08-18 -> PP_0001F49_Italy_2014-08-18
PP_0001G1E|Serbia|2013 -> PP_0001G1E_Serbia_2013
PP_0001G3A|Serbia|2013 -> PP_0001G3A_Serbia_2013
PP_0001G48|Serbia|2013 -> PP_0001G48_Serbia_2013
PP_0001G56|Serbia|2013 -> PP_0001G56_Serbia_2013
PP_0001G64|Serbia|2013 -> PP_0001G64_Serbia_2013
PP_0001G72|Serbia|2013 -> PP_0001G72_Serbia_2013
PP_0001GRZ|Bulgaria|2015-08-27 -> PP_0001GRZ_Bulgaria_2015-08-27
PP_0001GWP|Italy|2013 -> PP_0001GWP_Italy_2013
PP_0001GXM|Italy|2013 -> PP_0001GXM_Italy_2013
PP_0001GYK|Italy|2013 -> PP_0001GYK_Italy_2013
PP_0001GZH|Italy|2013 -> PP_0001GZH_Italy_2013
PP_0001HSW|Serbia|2013 -> PP_0001HSW_Serbia_2013
PP_0001ZHY|Uganda|2009-06 -> PP_0001ZHY_Uganda_2009-06
PP_0001ZJW|Greece|2010 -> PP_0001ZJW_Greece_2010
PP_00020HV|Zambia|2016-05-16 -> PP_00020HV_Zambia_2016-05-16
PP_00026YT|Germany|2019-08-30 -> PP_00026YT_Germany_2019-08-30
PP_00026ZR|Germany|2019-08-26 -> PP_00026ZR_Germany_2019-08-26
PP_000270P|Germany|2019-08-31 -> PP_000270P_Germany_2019-08-31
PP_000271M|Germany|2019-08-04 -> PP_000271M_Germany_2019-08-04
PP_000272K|Germany|2019-07-03 -> PP_000272K_Germany_2019-07-03
PP_000273H|Germany|2019-08-31 -> PP_000273H_Germany_2019-08-31
PP_000274F|Germany|2019-07-14 -> PP_000274F_Germany_2019-07-14
PP_000275D|Germany|2019-08-18 -> PP_000275D_Germany_2019-08-18
PP_000276B|Germany|2018-09-19 -> PP_000276B_Germany_2018-09-19
PP_0002779|Germany|2019-08-08 -> PP_0002779_Germany_2019-08-08
PP_0002787|Germany|2019-09-04 -> PP_0002787_Germany_2019-09-04
PP_0002795|Germany|2019-08-30 -> PP_0002795_Germany_2019-08-30
PP_00027A3|Germany|2018-09-01 -> PP_00027A3_Germany_2018-09-01
PP_00027B1|Germany|2018-09-03 -> PP_00027B1_Germany_2018-09-03
PP_00027CZ|Germany|2019-08-20 -> PP_00027CZ_Germany_2019-08-20
PP_00027DX|Germany|2018-09-10 -> PP_00027DX_Germany_2018-09-10
PP_00027EV|Germany|2018-08-31 -> PP_00027EV_Germany_2018-08-31
PP_00027FT|Germany|2019-08-08 -> PP_00027FT_Germany_2019-08-08
PP_00027GR|Germany|2018-09-05 -> PP_00027GR_Germany_2018-09-05
PP_00027HN|Germany|2019-08-06 -> PP_00027HN_Germany_2019-08-06
PP_00027JL|Germany|2019-09-03 -> PP_00027JL_Germany_2019-09-03
PP_00027KJ|Germany|2019-08-19 -> PP_00027KJ_Germany_2019-08-19
PP_00027LG|Germany|2019-09-24 -> PP_00027LG_Germany_2019-09-24
PP_00027ME|Germany|2019-09-09 -> PP_00027ME_Germany_2019-09-09
PP_00027NC|Germany|2019-09-04 -> PP_00027NC_Germany_2019-09-04
PP_00027PA|Germany|2019-09-09 -> PP_00027PA_Germany_2019-09-09
PP_00027Q8|Germany|2019-09-04 -> PP_00027Q8_Germany_2019-09-04
PP_00027R6|Germany|2019-09-04 -> PP_00027R6_Germany_2019-09-04
PP_00027S4|Germany|2019-08-14 -> PP_00027S4_Germany_2019-08-14
PP_00027T2|Germany|2019-09-09 -> PP_00027T2_Germany_2019-09-09
PP_00027U0|Germany|2019-09-17 -> PP_00027U0_Germany_2019-09-17
PP_00027VY|Germany|2019-08-26 -> PP_00027VY_Germany_2019-08-26
PP_00027WW|Germany|2019-09-05 -> PP_00027WW_Germany_2019-09-05
PP_00027XU|Germany|2019-09-03 -> PP_00027XU_Germany_2019-09-03
PP_00027YS|Germany|2019 -> PP_00027YS_Germany_2019
PP_00027ZQ|Germany|2019 -> PP_00027ZQ_Germany_2019
PP_000280N|Germany|2019 -> PP_000280N_Germany_2019
PP_000281L|Germany|2018 -> PP_000281L_Germany_2018
PP_00029NA|Slovakia|2014 -> PP_00029NA_Slovakia_2014
PP_00029WU|Slovakia|2013 -> PP_00029WU_Slovakia_2013
PP_0002CUV|Austria|2015 -> PP_0002CUV_Austria_2015
PP_0002CVT|Austria|2015 -> PP_0002CVT_Austria_2015
PP_0002CWR|Austria|2015 -> PP_0002CWR_Austria_2015
PP_0002CXP|Austria|2015 -> PP_0002CXP_Austria_2015
PP_0002CYM|Austria|2015 -> PP_0002CYM_Austria_2015
PP_0002CZK|Austria|2015 -> PP_0002CZK_Austria_2015
PP_0002D0H|Austria|2015 -> PP_0002D0H_Austria_2015
PP_0002D1F|Austria|2015 -> PP_0002D1F_Austria_2015
PP_0002D2D|Austria|2015 -> PP_0002D2D_Austria_2015
PP_0002D3B|Austria|2016 -> PP_0002D3B_Austria_2016
PP_0002D49|Austria|2016 -> PP_0002D49_Austria_2016
PP_0002D57|Austria|2016 -> PP_0002D57_Austria_2016
PP_0002D65|Austria|2016 -> PP_0002D65_Austria_2016
PP_0002D73|Austria|2016 -> PP_0002D73_Austria_2016
PP_0002D81|Austria|2016 -> PP_0002D81_Austria_2016
PP_0002D9Z|Austria|2016 -> PP_0002D9Z_Austria_2016
PP_0002DSY|Belgium|2017-10 -> PP_0002DSY_Belgium_2017-10
PP_0002GHD|Slovakia|2013 -> PP_0002GHD_Slovakia_2013
PP_0002GJB|Slovakia|2013 -> PP_0002GJB_Slovakia_2013
PP_0002WBC|Greece|2017-07 -> PP_0002WBC_Greece_2017-07
PP_0002X9F|Germany|2018-08 -> PP_0002X9F_Germany_2018-08
PP_0002XAD|Germany|2018-08-22 -> PP_0002XAD_Germany_2018-08-22
PP_0002XBB|Romania|2014 -> PP_0002XBB_Romania_2014
PP_0002XC9|Romania|2014 -> PP_0002XC9_Romania_2014
PP_0002XD7|Germany|2018 -> PP_0002XD7_Germany_2018
PP_0002XLS|Germany|2018 -> PP_0002XLS_Germany_2018
PP_00030FY|Greece|2017-07 -> PP_00030FY_Greece_2017-07
PP_00030XZ|Slovenia|2018 -> PP_00030XZ_Slovenia_2018
PP_00030YX|Slovenia|2018-08-23 -> PP_00030YX_Slovenia_2018-08-23
PP_000310T|Iran|2017 -> PP_000310T_Iran_2017
PP_0003199|Greece|2018-08 -> PP_0003199_Greece_2018-08
PP_00031A7|Greece|2018-08 -> PP_00031A7_Greece_2018-08
PP_00031B5|Greece|2018-09 -> PP_00031B5_Greece_2018-09
PP_00031C3|Greece|2018-08 -> PP_00031C3_Greece_2018-08
PP_00031D1|Greece|2018-07-17 -> PP_00031D1_Greece_2018-07-17
PP_00031EZ|Greece|2018-07-17 -> PP_00031EZ_Greece_2018-07-17
PP_00031FX|Greece|2018-08-23 -> PP_00031FX_Greece_2018-08-23
PP_00031GV|Greece|2012-08-02 -> PP_00031GV_Greece_2012-08-02
PP_00031HS|Greece|2012-08-22 -> PP_00031HS_Greece_2012-08-22
PP_00031JQ|Greece|2012-09-05 -> PP_00031JQ_Greece_2012-09-05
PP_00031LL|Greece|2010-09-30 -> PP_00031LL_Greece_2010-09-30
PP_00031MJ|Greece|2011-07-06 -> PP_00031MJ_Greece_2011-07-06
PP_00031NG|Greece|2012-08-27 -> PP_00031NG_Greece_2012-08-27
PP_00031PE|Russia|2018 -> PP_00031PE_Russia_2018
PP_00031RA|Russia|2018 -> PP_00031RA_Russia_2018
PP_00031S8|Russia|2018 -> PP_00031S8_Russia_2018
PP_00031T6|Greece|2018-07 -> PP_00031T6_Greece_2018-07
PP_00031U4|Greece|2018-07 -> PP_00031U4_Greece_2018-07
PP_00031V2|Greece|2018-08 -> PP_00031V2_Greece_2018-08
PP_00031W0|Germany|2019 -> PP_00031W0_Germany_2019
PP_00031XY|Germany|2019 -> PP_00031XY_Germany_2019
PP_00031YW|Germany|2019 -> PP_00031YW_Germany_2019
PP_00031ZU|Germany|2019 -> PP_00031ZU_Germany_2019
PP_000320S|Germany|2019 -> PP_000320S_Germany_2019
PP_000321Q|Russia|2018 -> PP_000321Q_Russia_2018
PP_000322N|Russia|2018 -> PP_000322N_Russia_2018
PP_000323L|Russia|2018 -> PP_000323L_Russia_2018
PP_000324J|Russia|2018 -> PP_000324J_Russia_2018
PP_000325G|Russia|2018 -> PP_000325G_Russia_2018
PP_000326E|Russia|2018 -> PP_000326E_Russia_2018
PP_00032KM|Italy|2018 -> PP_00032KM_Italy_2018
PP_00032LK|Italy|2016 -> PP_00032LK_Italy_2016
PP_00032MH|Italy|2016 -> PP_00032MH_Italy_2016
PP_00032NF|Italy|2016 -> PP_00032NF_Italy_2016
PP_00032PD|Italy|2018 -> PP_00032PD_Italy_2018
PP_00032QB|Italy|2018 -> PP_00032QB_Italy_2018
PP_00032R9|Italy|2018 -> PP_00032R9_Italy_2018
PP_00032S7|Italy|2016 -> PP_00032S7_Italy_2016
PP_000342L|Greece|2019-07 -> PP_000342L_Greece_2019-07
PP_000343J|Greece|2019-07 -> PP_000343J_Greece_2019-07
PP_000344G|Bulgaria|2018-08 -> PP_000344G_Bulgaria_2018-08
PP_00036EU|Netherlands|2020-09 -> PP_00036EU_Netherlands_2020-09
PP_00036FS|Netherlands|2020-08 -> PP_00036FS_Netherlands_2020-08
PP_00036HM|Germany|2020-08 -> PP_00036HM_Germany_2020-08
PP_00036JK|Germany|2020-08 -> PP_00036JK_Germany_2020-08
PP_00036KH|Germany|2020-08 -> PP_00036KH_Germany_2020-08
PP_00036LF|Germany|2020-08 -> PP_00036LF_Germany_2020-08
PP_00036MD|Germany|2020-08 -> PP_00036MD_Germany_2020-08
PP_000371K|Namibia|2020 -> PP_000371K_Namibia_2020
PP_00037KG|Slovakia|2018-11-16 -> PP_00037KG_Slovakia_2018-11-16
PP_00037MC|Serbia|2018-07-12 -> PP_00037MC_Serbia_2018-07-12
PP_00037NA|Serbia|2018-08-28 -> PP_00037NA_Serbia_2018-08-28
PP_00037P8|Serbia|2015-08-10 -> PP_00037P8_Serbia_2015-08-10
PP_00037Q6|Serbia|2018-06-25 -> PP_00037Q6_Serbia_2018-06-25
PP_00037R4|Serbia|2018-10-16 -> PP_00037R4_Serbia_2018-10-16
PP_00037S2|Serbia|2020-09-15 -> PP_00037S2_Serbia_2020-09-15
PP_00037T0|Serbia|2020-09-15 -> PP_00037T0_Serbia_2020-09-15
PP_00037UY|Serbia|2018-07-24 -> PP_00037UY_Serbia_2018-07-24
PP_00037VW|Serbia|2018-07-12 -> PP_00037VW_Serbia_2018-07-12
PP_00037WU|Serbia|2018-07-26 -> PP_00037WU_Serbia_2018-07-26
PP_00037XS|Serbia|2018-07-12 -> PP_00037XS_Serbia_2018-07-12
PP_00037YQ|Serbia|2018-07-12 -> PP_00037YQ_Serbia_2018-07-12
PP_00037ZN|Serbia|2018-07-12 -> PP_00037ZN_Serbia_2018-07-12
PP_00038HK|Italy|2012 -> PP_00038HK_Italy_2012
PP_00038JH|Italy|2013 -> PP_00038JH_Italy_2013
PP_00038KF|Italy|2015 -> PP_00038KF_Italy_2015
PP_00038LD|Italy|2015 -> PP_00038LD_Italy_2015
PP_00038MB|Italy|2015 -> PP_00038MB_Italy_2015
PP_00038N9|Italy|2015 -> PP_00038N9_Italy_2015
PP_00038P7|Italy|2015 -> PP_00038P7_Italy_2015
PP_00038Q5|Italy|2015 -> PP_00038Q5_Italy_2015
PP_00038R3|Italy|2015 -> PP_00038R3_Italy_2015
PP_00038TZ|Italy|2015 -> PP_00038TZ_Italy_2015
PP_00038UX|Italy|2015 -> PP_00038UX_Italy_2015
PP_00038VV|Italy|2015 -> PP_00038VV_Italy_2015
PP_00038WT|Italy|2015 -> PP_00038WT_Italy_2015
PP_00038XR|Italy|2016 -> PP_00038XR_Italy_2016
PP_00038YP|Italy|2017 -> PP_00038YP_Italy_2017
PP_000390K|Italy|2017 -> PP_000390K_Italy_2017
PP_000391H|Italy|2017 -> PP_000391H_Italy_2017
PP_000392F|Italy|2018 -> PP_000392F_Italy_2018
PP_000393D|Italy|2018 -> PP_000393D_Italy_2018
PP_000394B|Italy|2018 -> PP_000394B_Italy_2018
PP_0003959|Italy|2018 -> PP_0003959_Italy_2018
PP_0003975|Italy|2018 -> PP_0003975_Italy_2018
PP_0003983|Italy|2018 -> PP_0003983_Italy_2018
PP_0003991|Italy|2018 -> PP_0003991_Italy_2018
PP_00039AZ|Italy|2018 -> PP_00039AZ_Italy_2018
PP_00039BX|Italy|2018 -> PP_00039BX_Italy_2018
PP_00039CV|Italy|2018 -> PP_00039CV_Italy_2018
PP_00039ER|Italy|2018 -> PP_00039ER_Italy_2018
PP_00039FP|Italy|2018 -> PP_00039FP_Italy_2018
PP_00039GM|Italy|2019 -> PP_00039GM_Italy_2019
PP_00039HJ|Italy|2019 -> PP_00039HJ_Italy_2019
PP_00039JG|Italy|2019 -> PP_00039JG_Italy_2019
PP_00039KE|Italy|2019 -> PP_00039KE_Italy_2019
PP_00039MA|Italy|2019 -> PP_00039MA_Italy_2019
PP_00039N8|Italy|2019 -> PP_00039N8_Italy_2019
PP_00039P6|Italy|2020 -> PP_00039P6_Italy_2020
PP_00039R2|Kosovo|2018-09 -> PP_00039R2_Kosovo_2018-09
PP_00039S0|Kosovo|2018-09 -> PP_00039S0_Kosovo_2018-09
PP_00039TY|Kosovo|2018-09 -> PP_00039TY_Kosovo_2018-09
PP_00039UW|Kosovo|2018-09 -> PP_00039UW_Kosovo_2018-09
PP_00039VU|Netherlands|2020-09 -> PP_00039VU_Netherlands_2020-09
PP_0003AM9|Hungary|2004 -> PP_0003AM9_Hungary_2004
PP_0003AN7|Germany|2021-08 -> PP_0003AN7_Germany_2021-08
PP_0003AP5|Germany|2021-08 -> PP_0003AP5_Germany_2021-08
PP_0003AQ3|Hungary|2017 -> PP_0003AQ3_Hungary_2017
PP_0003AR1|Germany|2021-08 -> PP_0003AR1_Germany_2021-08
PP_0003AUV|Hungary|2016 -> PP_0003AUV_Hungary_2016
PP_0003AVT|Hungary|2016 -> PP_0003AVT_Hungary_2016
PP_0003AWR|Hungary|2015 -> PP_0003AWR_Hungary_2015
PP_0003AXP|Hungary|2015 -> PP_0003AXP_Hungary_2015
PP_0003AYM|Hungary|2017 -> PP_0003AYM_Hungary_2017
PP_0003AZK|Hungary|2017 -> PP_0003AZK_Hungary_2017
PP_0003B0H|Hungary|2017 -> PP_0003B0H_Hungary_2017
PP_0003B1F|Hungary|2018 -> PP_0003B1F_Hungary_2018
PP_0003B2D|Hungary|2018 -> PP_0003B2D_Hungary_2018
PP_0003B3B|Hungary|2018 -> PP_0003B3B_Hungary_2018
PP_0003B49|Hungary|2018 -> PP_0003B49_Hungary_2018
PP_0003B57|Hungary|2018 -> PP_0003B57_Hungary_2018
PP_0003B65|Hungary|2018 -> PP_0003B65_Hungary_2018
PP_0003B73|Hungary|2018 -> PP_0003B73_Hungary_2018
PP_0003B81|Hungary|2018 -> PP_0003B81_Hungary_2018
PP_0003B9Z|Hungary|2018 -> PP_0003B9Z_Hungary_2018
PP_0003BAX|Hungary|2018 -> PP_0003BAX_Hungary_2018
PP_0003BBV|Hungary|2018 -> PP_0003BBV_Hungary_2018
PP_0003BCT|Hungary|2017 -> PP_0003BCT_Hungary_2017
PP_0003BDR|Hungary|2018 -> PP_0003BDR_Hungary_2018
PP_0003BEP|Hungary|2018 -> PP_0003BEP_Hungary_2018
PP_0003BFM|Hungary|2018 -> PP_0003BFM_Hungary_2018
PP_0003DJC|Greece|2018-08 -> PP_0003DJC_Greece_2018-08
PP_0003DKA|Greece|2018-08 -> PP_0003DKA_Greece_2018-08
PP_0003DL8|Greece|2018-09 -> PP_0003DL8_Greece_2018-09
PP_0003DM6|Greece|2019-07 -> PP_0003DM6_Greece_2019-07
PP_0003DN4|Greece|2019-08 -> PP_0003DN4_Greece_2019-08
PP_0003DP2|Greece|2019-08 -> PP_0003DP2_Greece_2019-08
PP_0003DQ0|Greece|2019-08 -> PP_0003DQ0_Greece_2019-08
PP_0003DRY|Greece|2019-08 -> PP_0003DRY_Greece_2019-08
PP_0003DSW|Greece|2019-08 -> PP_0003DSW_Greece_2019-08
PP_0003DTU|Greece|2020-07 -> PP_0003DTU_Greece_2020-07
PP_0003DUS|Greece|2020-08 -> PP_0003DUS_Greece_2020-08
PP_0003DVQ|Greece|2020-09 -> PP_0003DVQ_Greece_2020-09
PP_0003DWN|Greece|2019-07 -> PP_0003DWN_Greece_2019-07
PP_0003DXL|Greece|2019-07 -> PP_0003DXL_Greece_2019-07
PP_0003DYJ|Greece|2019-08 -> PP_0003DYJ_Greece_2019-08
PP_0003DZG|Greece|2020-08 -> PP_0003DZG_Greece_2020-08
PP_0003E0E|Greece|2020-07 -> PP_0003E0E_Greece_2020-07
PP_0003E1C|Greece|2020-07 -> PP_0003E1C_Greece_2020-07
PP_0003E2A|Greece|2020-08 -> PP_0003E2A_Greece_2020-08
PP_0003E38|Greece|2020-08 -> PP_0003E38_Greece_2020-08
PP_0003E46|Greece|2020-08 -> PP_0003E46_Greece_2020-08
PP_0003E54|Greece|2020-08 -> PP_0003E54_Greece_2020-08
PP_0003E62|Greece|2020-07 -> PP_0003E62_Greece_2020-07
PP_0003E70|Greece|2021-08 -> PP_0003E70_Greece_2021-08
PP_0003E8Y|Greece|2021-08 -> PP_0003E8Y_Greece_2021-08
PP_0003E9W|Greece|2021-08 -> PP_0003E9W_Greece_2021-08
PP_0003EAU|Greece|2021-08 -> PP_0003EAU_Greece_2021-08
PP_0003EBS|Greece|2021-08 -> PP_0003EBS_Greece_2021-08
PP_0003ECQ|Greece|2021-08 -> PP_0003ECQ_Greece_2021-08
PP_0003EDN|Spain|2017-09 -> PP_0003EDN_Spain_2017-09
PP_0003EEL|Spain|2020-09 -> PP_0003EEL_Spain_2020-09
PP_0003EFJ|Spain|2020-09 -> PP_0003EFJ_Spain_2020-09
PP_0003EGG|Spain|2020-09 -> PP_0003EGG_Spain_2020-09
PP_0003FJA|Italy|2020-09-07 -> PP_0003FJA_Italy_2020-09-07
PP_0003FK8|Italy|2020-09-01 -> PP_0003FK8_Italy_2020-09-01
PP_0003FL6|Italy|2021-08-19 -> PP_0003FL6_Italy_2021-08-19
PP_0003FM4|Italy|2021-08-18 -> PP_0003FM4_Italy_2021-08-18
PP_0003FN2|Italy|2021-08-26 -> PP_0003FN2_Italy_2021-08-26
PP_0003FP0|Italy|2021-08-29 -> PP_0003FP0_Italy_2021-08-29
PP_0003FQY|Italy|2021-08-10 -> PP_0003FQY_Italy_2021-08-10
PP_0003FRW|Italy|2021-09-16 -> PP_0003FRW_Italy_2021-09-16
PP_0003FSU|Italy|2021-08-03 -> PP_0003FSU_Italy_2021-08-03
PP_0003FTS|Italy|2022-01-25 -> PP_0003FTS_Italy_2022-01-25
PP_0003FVN|Netherlands|2020-10-18 -> PP_0003FVN_Netherlands_2020-10-18
PP_0003GCN|Italy|2021 -> PP_0003GCN_Italy_2021
PP_0003GDL|Italy|2021 -> PP_0003GDL_Italy_2021
PP_0003GEJ|Italy|2021 -> PP_0003GEJ_Italy_2021
PP_0003GFG|Italy|2022 -> PP_0003GFG_Italy_2022
PP_0003GN1|Italy|2021 -> PP_0003GN1_Italy_2021
PP_0003GPZ|Italy|2021 -> PP_0003GPZ_Italy_2021
PP_0003H0B|Hungary|2021-08 -> PP_0003H0B_Hungary_2021-08
PP_0003H19|Hungary|2021-08 -> PP_0003H19_Hungary_2021-08
PP_0003H27|Russia|2021 -> PP_0003H27_Russia_2021
PP_0003H35|Russia|2021 -> PP_0003H35_Russia_2021
PP_0003H43|Russia|2021 -> PP_0003H43_Russia_2021
PP_0003H51|Russia|2021 -> PP_0003H51_Russia_2021
PP_0003H6Z|Russia|2021 -> PP_0003H6Z_Russia_2021
PP_0003H7X|Russia|2021 -> PP_0003H7X_Russia_2021
PP_0003H8V|Russia|2021 -> PP_0003H8V_Russia_2021
PP_0003H9T|Russia|2021 -> PP_0003H9T_Russia_2021
PP_0003HAR|Russia|2021 -> PP_0003HAR_Russia_2021
PP_0003HBP|Russia|2021 -> PP_0003HBP_Russia_2021
PP_0003HCM|Russia|2021 -> PP_0003HCM_Russia_2021
PP_0003HDK|Russia|2021 -> PP_0003HDK_Russia_2021
PP_0003HEH|Russia|2021 -> PP_0003HEH_Russia_2021
PP_0003HFF|Russia|2021 -> PP_0003HFF_Russia_2021
PP_0003HGD|Russia|2021 -> PP_0003HGD_Russia_2021
PP_0003HHA|Russia|2021 -> PP_0003HHA_Russia_2021
PP_0003HJ8|Russia|2021 -> PP_0003HJ8_Russia_2021
PP_0003HK6|Russia|2020 -> PP_0003HK6_Russia_2020
PP_0003HL4|Russia|2020 -> PP_0003HL4_Russia_2020
PP_0003HM2|Russia|2020 -> PP_0003HM2_Russia_2020
PP_0003HN0|Russia|2020 -> PP_0003HN0_Russia_2020
PP_0003HPY|Russia|2020 -> PP_0003HPY_Russia_2020
PP_0003HQW|Russia|2019 -> PP_0003HQW_Russia_2019
PP_0003HRU|Russia|2019 -> PP_0003HRU_Russia_2019
PP_0003HSS|Uganda|2018-06 -> PP_0003HSS_Uganda_2018-06
PP_0003K6X|Italy|2022-08-10 -> PP_0003K6X_Italy_2022-08-10
PP_0003K7V|Italy|2022-08-10 -> PP_0003K7V_Italy_2022-08-10
PP_0003K8T|Italy|2022-08-18 -> PP_0003K8T_Italy_2022-08-18
PP_0003K9R|Italy|2022-08-25 -> PP_0003K9R_Italy_2022-08-25
PP_0003KBM|Italy|2022-08-31 -> PP_0003KBM_Italy_2022-08-31
PP_0003KCK|Italy|2022-09-02 -> PP_0003KCK_Italy_2022-09-02
PP_0003KDH|Italy|2022-09-09 -> PP_0003KDH_Italy_2022-09-09
PP_0003KVJ|Netherlands|2020-09-15 -> PP_0003KVJ_Netherlands_2020-09-15
PP_0003KWG|Netherlands|2020-09-15 -> PP_0003KWG_Netherlands_2020-09-15
PP_0003KXE|Netherlands|2020-09-15 -> PP_0003KXE_Netherlands_2020-09-15
PP_0003KYC|Netherlands|2020-09-27 -> PP_0003KYC_Netherlands_2020-09-27
PP_0003L08|Netherlands|2020-09-26 -> PP_0003L08_Netherlands_2020-09-26
PP_0003L16|Netherlands|2020-10-18 -> PP_0003L16_Netherlands_2020-10-18
PP_0003L24|Poland|2022-10 -> PP_0003L24_Poland_2022-10
PP_0003L32|Germany|2021 -> PP_0003L32_Germany_2021
PP_0003L40|Germany|2021-07-29 -> PP_0003L40_Germany_2021-07-29
PP_0003L5Y|Germany|2021-07-29 -> PP_0003L5Y_Germany_2021-07-29
PP_0003LPV|Italy|2022-08-04 -> PP_0003LPV_Italy_2022-08-04
PP_0003LQT|Italy|2022-08-24 -> PP_0003LQT_Italy_2022-08-24
PP_0003LRR|Italy|2022-09-01 -> PP_0003LRR_Italy_2022-09-01
PP_0003LSP|Italy|2021-08-10 -> PP_0003LSP_Italy_2021-08-10
PP_0003LTM|Italy|2021-08-20 -> PP_0003LTM_Italy_2021-08-20
PP_0003LUK|Italy|2021-10-24 -> PP_0003LUK_Italy_2021-10-24
PP_0003M6V|Greece|2022-08-31 -> PP_0003M6V_Greece_2022-08-31
PP_0003M7T|Greece|2022-08-19 -> PP_0003M7T_Greece_2022-08-19
PP_0003M8R|Greece|2022-08-16 -> PP_0003M8R_Greece_2022-08-16
PP_0003M9P|Greece|2022-07-26 -> PP_0003M9P_Greece_2022-07-26
PP_0003MAM|Greece|2022-06-29 -> PP_0003MAM_Greece_2022-06-29
PP_0003MBK|Greece|2022-08-31 -> PP_0003MBK_Greece_2022-08-31
PP_0003MCH|Greece|2022-09-07 -> PP_0003MCH_Greece_2022-09-07
PP_0003MDF|Greece|2022-08-18 -> PP_0003MDF_Greece_2022-08-18
PP_0003MED|Greece|2022-07-13 -> PP_0003MED_Greece_2022-07-13
PP_0003MFB|Greece|2022-07-29 -> PP_0003MFB_Greece_2022-07-29
PP_0003MG9|Greece|2022-08-03 -> PP_0003MG9_Greece_2022-08-03
PP_0003MH6|Greece|2022-08-18 -> PP_0003MH6_Greece_2022-08-18
PP_0003MJ4|Greece|2022-08-22 -> PP_0003MJ4_Greece_2022-08-22
PP_0003MK2|Greece|2022-08-31 -> PP_0003MK2_Greece_2022-08-31
PP_0003ML0|Greece|2022-08-29 -> PP_0003ML0_Greece_2022-08-29
PP_0003MMY|Greece|2022-08-16 -> PP_0003MMY_Greece_2022-08-16
PP_0003MNW|Greece|2022-08-24 -> PP_0003MNW_Greece_2022-08-24
PP_0003MPU|Greece|2022-07-11 -> PP_0003MPU_Greece_2022-07-11
PP_0003MQS|Greece|2022-08-24 -> PP_0003MQS_Greece_2022-08-24
PP_0003MRQ|Greece|2022-08-30 -> PP_0003MRQ_Greece_2022-08-30
PP_0003MSN|Greece|2022-07-27 -> PP_0003MSN_Greece_2022-07-27
PP_0003MTL|Greece|2022-08-08 -> PP_0003MTL_Greece_2022-08-08
PP_0003MUJ|Greece|2022-07-28 -> PP_0003MUJ_Greece_2022-07-28
PP_0003MVG|Greece|2022-08-10 -> PP_0003MVG_Greece_2022-08-10
PP_0003MWE|Greece|2022-07-18 -> PP_0003MWE_Greece_2022-07-18
PP_0003MZ8|Italy|2022-10-07 -> PP_0003MZ8_Italy_2022-10-07
PP_0003N06|Italy|2022-11-02 -> PP_0003N06_Italy_2022-11-02
PP_0003N22|Russia|2022 -> PP_0003N22_Russia_2022
PP_0003N30|Russia|2022 -> PP_0003N30_Russia_2022
PP_0003N4Y|Russia|2022 -> PP_0003N4Y_Russia_2022
PP_0003N5W|Russia|2022 -> PP_0003N5W_Russia_2022
PP_0003N7S|Germany|2021-05-19 -> PP_0003N7S_Germany_2021-05-19
PP_0004C38|Germany|2022-07-25 -> PP_0004C38_Germany_2022-07-25
PP_0004C46|Germany|2022-07-25 -> PP_0004C46_Germany_2022-07-25
PP_0004C54|Germany|2022-07-25 -> PP_0004C54_Germany_2022-07-25
PP_0004C62|Germany|2022-08-18 -> PP_0004C62_Germany_2022-08-18
PP_0004C8Y|Switzerland|2022-08 -> PP_0004C8Y_Switzerland_2022-08
PP_0004C9W|Switzerland|2022-08 -> PP_0004C9W_Switzerland_2022-08
PP_0004CAU|Switzerland|2022-09 -> PP_0004CAU_Switzerland_2022-09
PP_0004CBS|Switzerland|2022-09 -> PP_0004CBS_Switzerland_2022-09
PP_0004CCQ|Switzerland|2022-09 -> PP_0004CCQ_Switzerland_2022-09
PP_0004CDN|Switzerland|2022-08 -> PP_0004CDN_Switzerland_2022-08
PP_0004CEL|Switzerland|2022-10 -> PP_0004CEL_Switzerland_2022-10
PP_0004CFJ|Switzerland|2022-09 -> PP_0004CFJ_Switzerland_2022-09
PP_0004CGG|Russia|2022 -> PP_0004CGG_Russia_2022
PP_0004CHD|Russia|2022 -> PP_0004CHD_Russia_2022
PP_0004CJB|Russia|2022 -> PP_0004CJB_Russia_2022
PP_0004CK9|Russia|2022 -> PP_0004CK9_Russia_2022
PP_0004CL7|Russia|2022 -> PP_0004CL7_Russia_2022
PP_0004CRX|Russia|2023 -> PP_0004CRX_Russia_2023
PP_0004CSV|Russia|2023 -> PP_0004CSV_Russia_2023
PP_0004CTT|Russia|2023 -> PP_0004CTT_Russia_2023
PP_0004CUR|Russia|2023 -> PP_0004CUR_Russia_2023
PP_0004CVP|Russia|2023 -> PP_0004CVP_Russia_2023
PP_0004CXK|Russia|2023 -> PP_0004CXK_Russia_2023
PP_0004CYH|Russia|2023 -> PP_0004CYH_Russia_2023
PP_0004CZF|Russia|2023 -> PP_0004CZF_Russia_2023
PP_0004D0D|Russia|2023 -> PP_0004D0D_Russia_2023
PP_0004D1B|Russia|2023 -> PP_0004D1B_Russia_2023
PP_0004D29|Russia|2023 -> PP_0004D29_Russia_2023
PP_0004D37|Russia|2023 -> PP_0004D37_Russia_2023
PP_0004D45|Russia|2023 -> PP_0004D45_Russia_2023
PP_0004D53|Russia|2023 -> PP_0004D53_Russia_2023
PP_0004D61|Russia|2023 -> PP_0004D61_Russia_2023
PP_0004DK8|Germany|2020-09 -> PP_0004DK8_Germany_2020-09
PP_0004DL6|Germany|2020-09-02 -> PP_0004DL6_Germany_2020-09-02
PP_0004DM4|Germany|2020-08 -> PP_0004DM4_Germany_2020-08
PP_0004DN2|Germany|2020-09 -> PP_0004DN2_Germany_2020-09
PP_0004DP0|Germany|2020-07-12 -> PP_0004DP0_Germany_2020-07-12
PP_0004DQY|Germany|2020-08 -> PP_0004DQY_Germany_2020-08
PP_0004DRW|Germany|2020-09-02 -> PP_0004DRW_Germany_2020-09-02
PP_0004DSU|Germany|2020-09 -> PP_0004DSU_Germany_2020-09
PP_0004DTS|Germany|2020-07-30 -> PP_0004DTS_Germany_2020-07-30
PP_0004DUQ|Germany|2020-08 -> PP_0004DUQ_Germany_2020-08
PP_0004DVN|Germany|2020-09 -> PP_0004DVN_Germany_2020-09
PP_0004DWL|Germany|2020-08-22 -> PP_0004DWL_Germany_2020-08-22
PP_0004DXJ|Germany|2020-08 -> PP_0004DXJ_Germany_2020-08
PP_0004DYG|Germany|2020-07-12 -> PP_0004DYG_Germany_2020-07-12
PP_0004DZE|Germany|2020-08-31 -> PP_0004DZE_Germany_2020-08-31
PP_0004E0C|Germany|2020-08 -> PP_0004E0C_Germany_2020-08
PP_0004E1A|Germany|2020-08-18 -> PP_0004E1A_Germany_2020-08-18
PP_0004E28|Germany|2020 -> PP_0004E28_Germany_2020
PP_0004E36|Germany|2020-08-23 -> PP_0004E36_Germany_2020-08-23
PP_0004E44|Germany|2020-09-21 -> PP_0004E44_Germany_2020-09-21
PP_0004E52|Germany|2020-09-02 -> PP_0004E52_Germany_2020-09-02
PP_0004E60|Germany|2020-08 -> PP_0004E60_Germany_2020-08
PP_0004E7Y|Germany|2020-08-25 -> PP_0004E7Y_Germany_2020-08-25
PP_0004E8W|Germany|2020-08-14 -> PP_0004E8W_Germany_2020-08-14
PP_0004E9U|Germany|2020-09 -> PP_0004E9U_Germany_2020-09
PP_0004EAS|Germany|2020-08 -> PP_0004EAS_Germany_2020-08
PP_0004EBQ|Germany|2019 -> PP_0004EBQ_Germany_2019
PP_0004ECN|Germany|2020-09 -> PP_0004ECN_Germany_2020-09
PP_0004EDL|Germany|2020-08-11 -> PP_0004EDL_Germany_2020-08-11
PP_0004EEJ|Germany|2020-08-09 -> PP_0004EEJ_Germany_2020-08-09
PP_0004EFG|Germany|2020-08 -> PP_0004EFG_Germany_2020-08
PP_0004EGE|Germany|2020-09 -> PP_0004EGE_Germany_2020-09
PP_0004EHB|Germany|2020-08 -> PP_0004EHB_Germany_2020-08
PP_0004EJ9|Germany|2020-08-15 -> PP_0004EJ9_Germany_2020-08-15
PP_0004EK7|Germany|2020-08-01 -> PP_0004EK7_Germany_2020-08-01
PP_0004EL5|Germany|2020-08-08 -> PP_0004EL5_Germany_2020-08-08
PP_0004EM3|Germany|2020-08-13 -> PP_0004EM3_Germany_2020-08-13
PP_0004EN1|Germany|2020-08-19 -> PP_0004EN1_Germany_2020-08-19
PP_0004EPZ|Germany|2020-08-18 -> PP_0004EPZ_Germany_2020-08-18
PP_0004EQX|Germany|2018-09-11 -> PP_0004EQX_Germany_2018-09-11
PP_0004ERV|Germany|2020-08-18 -> PP_0004ERV_Germany_2020-08-18
PP_0004EST|Germany|2020-06-13 -> PP_0004EST_Germany_2020-06-13
PP_0004ETR|Germany|2020-09-29 -> PP_0004ETR_Germany_2020-09-29
PP_0004EUP|Germany|2020-07-07 -> PP_0004EUP_Germany_2020-07-07
PP_0004EVM|Germany|2020-09 -> PP_0004EVM_Germany_2020-09
PP_0004EWK|Germany|2020-08-26 -> PP_0004EWK_Germany_2020-08-26
PP_0004EXH|Italy|2023-07-15 -> PP_0004EXH_Italy_2023-07-15
PP_0004EYF|Italy|2023-07-15 -> PP_0004EYF_Italy_2023-07-15
PP_0004EZD|Italy|2023-07-15 -> PP_0004EZD_Italy_2023-07-15
PP_0004F0B|Italy|2023-07-15 -> PP_0004F0B_Italy_2023-07-15
PP_0004F19|Italy|2023-07-28 -> PP_0004F19_Italy_2023-07-28
PP_0004F27|Italy|2023-08-10 -> PP_0004F27_Italy_2023-08-10
PP_0004F35|Italy|2023-08-10 -> PP_0004F35_Italy_2023-08-10
PP_0004F43|Italy|2023-08-11 -> PP_0004F43_Italy_2023-08-11
PP_0004F51|Italy|2023-08-17 -> PP_0004F51_Italy_2023-08-17
PP_0004F7X|Italy|2023-08-17 -> PP_0004F7X_Italy_2023-08-17
PP_0004F8V|Italy|2023-07-26 -> PP_0004F8V_Italy_2023-07-26
PP_0004F9T|Italy|2023-07-28 -> PP_0004F9T_Italy_2023-07-28
PP_0004FAR|Italy|2023-07-28 -> PP_0004FAR_Italy_2023-07-28
PP_0004FBP|Italy|2023-07-28 -> PP_0004FBP_Italy_2023-07-28
PP_0004FCM|Italy|2023-07-28 -> PP_0004FCM_Italy_2023-07-28
PP_0004FDK|Italy|2023-07-11 -> PP_0004FDK_Italy_2023-07-11
PP_0004FFF|Italy|2023-07-20 -> PP_0004FFF_Italy_2023-07-20
PP_0004FGD|Italy|2023-07-26 -> PP_0004FGD_Italy_2023-07-26
PP_0004FHA|Italy|2023-07-26 -> PP_0004FHA_Italy_2023-07-26
PP_0004FJ8|Italy|2023-07-26 -> PP_0004FJ8_Italy_2023-07-26
PP_0004FK6|Italy|2023-07-26 -> PP_0004FK6_Italy_2023-07-26
PP_0004FL4|Italy|2023-08-11 -> PP_0004FL4_Italy_2023-08-11
PP_0004FM2|Italy|2023-08-11 -> PP_0004FM2_Italy_2023-08-11
PP_0004FPY|Italy|2023-08-11 -> PP_0004FPY_Italy_2023-08-11
PP_0004FQW|Italy|2023-08-11 -> PP_0004FQW_Italy_2023-08-11
PP_0004FRU|Italy|2023-08-17 -> PP_0004FRU_Italy_2023-08-17
PP_0004FSS|Italy|2023-08-11 -> PP_0004FSS_Italy_2023-08-11
PP_0004FTQ|Italy|2023-08-11 -> PP_0004FTQ_Italy_2023-08-11
PP_0004FUN|Italy|2023-08-11 -> PP_0004FUN_Italy_2023-08-11
PP_0004FVL|Italy|2023-08-11 -> PP_0004FVL_Italy_2023-08-11
PP_0004FXG|Italy|2023-08-17 -> PP_0004FXG_Italy_2023-08-17
PP_0004FYE|Italy|2023-08-11 -> PP_0004FYE_Italy_2023-08-11
PP_0004FZC|Italy|2023-08-11 -> PP_0004FZC_Italy_2023-08-11
PP_0004G0A|Italy|2023-08-11 -> PP_0004G0A_Italy_2023-08-11
PP_0004G18|Italy|2023-08-09 -> PP_0004G18_Italy_2023-08-09
PP_0004G26|Italy|2023-08-04 -> PP_0004G26_Italy_2023-08-04
PP_0004G34|Italy|2023-08-04 -> PP_0004G34_Italy_2023-08-04
PP_0004G50|Italy|2023-08-04 -> PP_0004G50_Italy_2023-08-04
PP_0004G6Y|Italy|2023-08-09 -> PP_0004G6Y_Italy_2023-08-09
PP_0004G7W|Italy|2023-08-09 -> PP_0004G7W_Italy_2023-08-09
PP_0004G8U|Italy|2023-08-09 -> PP_0004G8U_Italy_2023-08-09
PP_0004G9S|Italy|2023-08-09 -> PP_0004G9S_Italy_2023-08-09
PP_0004GAQ|Italy|2023-08-09 -> PP_0004GAQ_Italy_2023-08-09
PP_0004GBN|Italy|2023-08-09 -> PP_0004GBN_Italy_2023-08-09
PP_0004GDJ|Italy|2023-08-09 -> PP_0004GDJ_Italy_2023-08-09
PP_0004GEG|Italy|2023-09-08 -> PP_0004GEG_Italy_2023-09-08
PP_0004GFE|Italy|2023-09-13 -> PP_0004GFE_Italy_2023-09-13
PP_0004GGC|Italy|2023-09-08 -> PP_0004GGC_Italy_2023-09-08
PP_0004GH9|Italy|2023-08-28 -> PP_0004GH9_Italy_2023-08-28
PP_0004GJ7|Italy|2023-09-15 -> PP_0004GJ7_Italy_2023-09-15
PP_0004H09|Hungary|2023 -> PP_0004H09_Hungary_2023
PP_0004H17|Hungary|2023 -> PP_0004H17_Hungary_2023
PP_0004H25|Hungary|2023 -> PP_0004H25_Hungary_2023
PP_0004H33|Hungary|2023 -> PP_0004H33_Hungary_2023
PP_0004H41|Hungary|2023 -> PP_0004H41_Hungary_2023
PP_0004H5Z|Hungary|2023 -> PP_0004H5Z_Hungary_2023
PP_0004H7V|Italy|2023-10-11 -> PP_0004H7V_Italy_2023-10-11
PP_0004JRR|Italy|2022 -> PP_0004JRR_Italy_2022
PP_0004JSP|Serbia|2022 -> PP_0004JSP_Serbia_2022
PP_0004JTM|Serbia|2018 -> PP_0004JTM_Serbia_2018
PP_0004JUK|Serbia|2018 -> PP_0004JUK_Serbia_2018
PP_0004JVH|Serbia|2018 -> PP_0004JVH_Serbia_2018
PP_0004JWF|Serbia|2022 -> PP_0004JWF_Serbia_2022
PP_0004JXD|Serbia|2022 -> PP_0004JXD_Serbia_2022
PP_0004JYB|Serbia|2018 -> PP_0004JYB_Serbia_2018
PP_0004JZ9|Serbia|2022 -> PP_0004JZ9_Serbia_2022
PP_0004K07|Serbia|2022 -> PP_0004K07_Serbia_2022
PP_0004K15|Serbia|2023 -> PP_0004K15_Serbia_2023
PP_0008CFA|Democratic-Republic-of-the-Congo|1958 -> PP_0008CFA_Democratic-Republic-of-the-Congo_1958
PP_0008KJW|Greece|2010 -> PP_0008KJW_Greece_2010
PP_000JB76|Madagascar|1978 -> PP_000JB76_Madagascar_1978
PP_000JGXL|South-Africa|2001 -> PP_000JGXL_South-Africa_2001
PP_000JNXE|South-Africa|1989 -> PP_000JNXE_South-Africa_1989
PP_000JNZA|South-Africa|2000 -> PP_000JNZA_South-Africa_2000
PP_000JP08|South-Africa|1958 -> PP_000JP08_South-Africa_1958
PP_000JXPM|Russia|2007 -> PP_000JXPM_Russia_2007
PP_000RY3D|Romania|2023 -> PP_000RY3D_Romania_2023
PP_000RY4B|Romania|2023 -> PP_000RY4B_Romania_2023
PP_000RZ90|Italy|2024-09 -> PP_000RZ90_Italy_2024-09
PP_000RZAY|Italy|2024-09 -> PP_000RZAY_Italy_2024-09
PP_000RZBW|Italy|2024-09 -> PP_000RZBW_Italy_2024-09
PP_000RZCU|Italy|2024-09 -> PP_000RZCU_Italy_2024-09
PP_000RZDS|Italy|2024-09 -> PP_000RZDS_Italy_2024-09
PP_000RZEQ|Italy|2024-09 -> PP_000RZEQ_Italy_2024-09
PP_000RZFN|Italy|2024-09 -> PP_000RZFN_Italy_2024-09
PP_000S2WL|Croatia|2023 -> PP_000S2WL_Croatia_2023
PP_000SMA8|Spain|2024-08-12 -> PP_000SMA8_Spain_2024-08-12
PP_000SMPF|Netherlands|2024-10-09 -> PP_000SMPF_Netherlands_2024-10-09
PP_000SNRA|Poland|2024-07-26 -> PP_000SNRA_Poland_2024-07-26
PP_000SNS8|Poland|2024-07-26 -> PP_000SNS8_Poland_2024-07-26
PP_000SNT6|Poland|2024-07-26 -> PP_000SNT6_Poland_2024-07-26
PP_000SNU4|Poland|2024-07-26 -> PP_000SNU4_Poland_2024-07-26
PP_0010ZZ1|Russia|2021 -> PP_0010ZZ1_Russia_2021
PP_00115T5|Spain|2023-07-28 -> PP_00115T5_Spain_2023-07-28

                                                       Gap/Ambiguity  Composition  p-value
   1  PP_002XE3H_Hungary_2024-08-29                            0.00%    passed     99.73%
   2  PP_002XE4F_Hungary_2024-09-10                            1.19%    passed     98.81%
   3  PP_002Y8RA_Italy_2022-08-06                              0.12%    passed    100.00%
   4  WNV-83373-2_FRA-cheval-blanc_2025-07-18                 41.27%    passed     25.06%
   5  WNV-83278-2_FRA-Pierrefitte_2025-08-04                   0.00%    passed     99.95%
   6  WNV-83190-1_FRA-Epinay_2025-07-26                       12.42%    passed     99.66%
   7  WNV-69279_FRA-Gironde_2023-09-12                         0.00%    passed     99.82%
   8  OZ221437_Spain_2024-09-10                                0.00%    passed    100.00%
   9  Conq_France-33_2023-07-17                                0.00%    passed     99.73%
  10  p35_France-17_2023-09-27                                 0.00%    passed     99.93%
  11  p52_France-17_2023-09-23                                 0.00%    passed     99.88%
  12  p63_France-17_2023-10-03                                 0.00%    passed     99.82%
  13  p67_France-17_2023-10-03                                 0.00%    passed     99.82%
  14  p89_France-17_2023-08-14                                 0.00%    passed     99.83%
  15  p97_France-17_2023-08-11                                 0.00%    passed     99.26%
  16  p105_France-17_2023-07-03                                0.00%    passed     99.76%
  17  p126_France-17_2023-08-14                                0.00%    passed     99.86%
  18  p127_France-17_2023-08-20                                0.00%    passed     99.99%
  19  WNV-MGO-CAB_FRA-34_2024-09-13                            0.00%    passed     99.99%
  20  WNV-MRV-BRV_FRA-34_2024-09-30                           45.41%    passed     69.00%
  21  WNV-MTP-NDO_FRA-34_2024-09-17                            9.59%    passed     91.04%
  22  WNV-SLA-MUR_FRA-30_2024-08-16                            0.00%    passed     99.99%
  23  WNV-SLA-TCR_FRA-30_2024-08-30                            0.00%    passed     99.99%
  24  63722_FRA-Var_2022-09-30                                 0.00%    passed     99.89%
  25  77216-2_FRA-Var_2024-08-23                               0.00%    passed     99.90%
  26  Candillargues-C9_FRA-Herault_2024-08-21                  0.00%    passed     99.92%
  27  Elysettes-C2_FRA-Guard_2024-09-03                        0.00%    passed     99.87%
  28  Lattes-E12_FRA-Herault_2024-08-28                        0.00%    passed     99.77%
  29  Lattes-MX_FRA-Herault_2024-08-28                         0.00%    passed     99.77%
  30  Echovert-C3-P1V_FRA-Guard_2024-08-29                     0.00%    passed     99.99%
  31  Ollioules-BG3-MX_FRA-Var_2024-08-23                      0.00%    passed     99.90%
  32  Ollioules-BG3-Cx39_FRA-Var_2024-08-02                    0.05%    passed     99.86%
  33  Ollioules-BG3-MX_FRA-Var_2024-08-02                      0.16%    passed     99.82%
  34  Cx20-batch2-Zen-Pets-Residence_FRA-Gironde_2023-07-25    2.08%    passed     99.29%
  35  Cx3-batch2-Zen-Pets-Residence_FRA-Gironde_2023-07-25     1.82%    passed     99.48%
  36  Cx12-batch1-Zen-Pets-Pres_FRA-Gironde_2023-08-03         0.02%    passed     99.54%
  37  Cx4-batch3-Parc-Bordelais_FRA-Gironde_2023-08-24         2.34%    passed     98.85%
  38  8406_FRA-CM_2023-07-31                                   0.00%    passed     99.82%
  39  231_FRA-BdR_2023                                         0.00%    passed     99.97%
  40  8548_FRA-Vienne_2024-09-12                               0.00%    passed     99.98%
  41  8747_FRA-CM_2023-08-27                                   0.00%    passed     99.82%
  42  8550_FRA-Vienne_2024-09-12                               0.00%    passed     99.99%
  43  8576_FRA-Var_2024-09-17                                  0.00%    passed     99.97%
  44  8987_FRA-CM_2024-10-04                                   0.00%    passed     99.99%
  45  JET8_FRA-Herault_2024-09-11                              0.00%    passed     99.86%
  46  8402_FRA-CM_2023-07-27                                   0.00%    passed     99.82%
  47  8403_FRA-CM_2023-07-27                                   0.00%    passed     99.82%
  48  8404_FRA-CM_2023-07-17                                   0.00%    passed     99.82%
  49  8405_FRA-CM_2023-07-17                                   0.00%    passed     99.82%
  50  PP_0000CUZ_South-Africa_2008-04-15                       0.12%    passed     93.45%
  51  PP_0000ES1_Italy_2011-09                                 0.00%    passed     99.95%
  52  PP_0000JHF_Serbia_2012                                   0.00%    passed     99.57%
  53  PP_0000JRZ_Hungary_2010                                  0.00%    passed     99.43%
  54  PP_0000JSX_Serbia_2010                                   0.00%    passed     99.99%
  55  PP_0000PL4_Greece_2012-09                                0.00%    passed     99.93%
  56  PP_0000PM2_Austria_2008                                  0.03%    passed     99.80%
  57  PP_0000PSS_Italy_2013-08                                 0.00%    passed    100.00%
  58  PP_0000PTQ_Italy_2013-08                                 9.94%    passed     99.45%
  59  PP_0000PUN_Italy_2013-08                                 0.00%    passed    100.00%
  60  PP_0000PVL_Italy_2013-08                                 1.34%    passed     99.77%
  61  PP_0000PWJ_Italy_2013-08                                 0.00%    passed     99.97%
  62  PP_0000PXG_Italy_2013-08                                 1.34%    passed     99.29%
  63  PP_0000QGC_Italy_2013-08                                 8.46%    passed     99.25%
  64  PP_0000QJ7_Italy_2013-10                                 0.00%    passed     99.99%
  65  PP_0000V7R_Greece_2013                                   0.03%    passed     99.90%
  66  PP_0000VEB_Greece_2013                                   0.00%    passed     99.66%
  67  PP_00017FV_Greece_2013                                  16.63%    passed     98.83%
  68  PP_00017GT_Greece_2013                                   1.20%    passed     99.72%
  69  PP_00017HQ_Greece_2013                                   0.00%    passed     99.75%
  70  PP_00017JN_Greece_2013                                   0.00%    passed     99.85%
  71  PP_00017KL_Greece_2013                                   0.00%    passed     99.86%
  72  PP_00017LJ_Greece_2013                                   0.00%    passed     99.93%
  73  PP_00017MG_Greece_2013                                   7.12%    passed     99.79%
  74  PP_00017NE_Greece_2013                                   0.00%    passed     99.92%
  75  PP_00017PC_Greece_2013                                   0.00%    passed     99.78%
  76  PP_00017QA_Greece_2013                                   1.30%    passed     98.58%
  77  PP_00017S6_Romania_2013-08-27                            0.00%    passed     99.92%
  78  PP_00018FU_South-Africa_1977                             0.00%    passed     99.90%
  79  PP_00018HP_Czech-Republic_2013-08-08                     0.00%    passed    100.00%
  80  PP_00018JM_Czech-Republic_2013-08-08                     0.06%    passed     98.88%
  81  PP_00018KK_Czech-Republic_2013-08-08                     0.00%    passed     99.88%
  82  PP_00018LH_Czech-Republic_2013-08-08                     0.01%    passed     99.99%
  83  PP_00019ZQ_Austria_2014                                  0.00%    passed    100.00%
  84  PP_0001AA2_Austria_2014                                  0.00%    passed     99.99%
  85  PP_0001AB0_Austria_2014                                  0.00%    passed     99.79%
  86  PP_0001AQ7_Hungary_2014                                  0.00%    passed    100.00%
  87  PP_0001AVX_Austria_2008-08-29                            0.00%    passed     99.95%
  88  PP_0001AWV_Austria_2009-09-16                            0.00%    passed     99.93%
  89  PP_0001AXT_Austria_2011-03-14                            0.03%    passed     99.90%
  90  PP_0001AYR_Austria_2014-08-21                            0.00%    passed     87.78%
  91  PP_0001AZP_Italy_2014                                    0.00%    passed     99.99%
  92  PP_0001B0M_Italy_2014                                    0.00%    passed     99.88%
  93  PP_0001B1K_Italy_2014                                    0.00%    passed     99.98%
  94  PP_0001B2H_Italy_2014                                    0.00%    passed     99.80%
  95  PP_0001B3F_Italy_2014                                    0.00%    passed    100.00%
  96  PP_0001B4D_Italy_2014                                    0.00%    passed    100.00%
  97  PP_0001B5B_Italy_2014                                    0.00%    passed     99.97%
  98  PP_0001B69_Italy_2013                                    0.01%    passed     99.99%
  99  PP_0001F3B_Italy_2014-07-15                              0.01%    passed     99.83%
 100  PP_0001F49_Italy_2014-08-18                              0.00%    passed     99.94%
 101  PP_0001G1E_Serbia_2013                                   0.00%    passed     99.94%
 102  PP_0001G3A_Serbia_2013                                   0.00%    passed     99.94%
 103  PP_0001G48_Serbia_2013                                   0.00%    passed     99.41%
 104  PP_0001G56_Serbia_2013                                   0.00%    passed     99.39%
 105  PP_0001G64_Serbia_2013                                   0.00%    passed     99.48%
 106  PP_0001G72_Serbia_2013                                   0.00%    passed     99.97%
 107  PP_0001GRZ_Bulgaria_2015-08-27                           0.03%    passed     99.92%
 108  PP_0001GWP_Italy_2013                                    0.02%    passed     99.85%
 109  PP_0001GXM_Italy_2013                                    1.33%    passed     99.96%
 110  PP_0001GYK_Italy_2013                                    0.10%    passed     99.73%
 111  PP_0001GZH_Italy_2013                                    1.26%    passed     99.77%
 112  PP_0001HSW_Serbia_2013                                   0.00%    passed     99.61%
 113  PP_0001ZHY_Uganda_2009-06                                0.00%    passed     99.84%
 114  PP_0001ZJW_Greece_2010                                   0.00%    passed     99.95%
 115  PP_00020HV_Zambia_2016-05-16                             0.00%    passed     99.96%
 116  PP_00026YT_Germany_2019-08-30                            0.00%    passed     99.97%
 117  PP_00026ZR_Germany_2019-08-26                            0.00%    passed     99.69%
 118  PP_000270P_Germany_2019-08-31                            0.00%    passed     99.98%
 119  PP_000271M_Germany_2019-08-04                            0.00%    passed    100.00%
 120  PP_000272K_Germany_2019-07-03                            0.00%    passed     99.99%
 121  PP_000273H_Germany_2019-08-31                            0.00%    passed     99.98%
 122  PP_000274F_Germany_2019-07-14                            0.00%    passed     99.99%
 123  PP_000275D_Germany_2019-08-18                            0.00%    passed     99.99%
 124  PP_000276B_Germany_2018-09-19                            0.00%    passed     99.98%
 125  PP_0002779_Germany_2019-08-08                            0.00%    passed    100.00%
 126  PP_0002787_Germany_2019-09-04                            0.00%    passed     99.98%
 127  PP_0002795_Germany_2019-08-30                            0.00%    passed     99.98%
 128  PP_00027A3_Germany_2018-09-01                            0.00%    passed     99.99%
 129  PP_00027B1_Germany_2018-09-03                            0.00%    passed     99.96%
 130  PP_00027CZ_Germany_2019-08-20                            0.00%    passed     99.97%
 131  PP_00027DX_Germany_2018-09-10                            0.00%    passed     99.92%
 132  PP_00027EV_Germany_2018-08-31                            0.00%    passed     99.96%
 133  PP_00027FT_Germany_2019-08-08                            0.00%    passed     99.97%
 134  PP_00027GR_Germany_2018-09-05                            0.00%    passed     99.96%
 135  PP_00027HN_Germany_2019-08-06                            0.00%    passed     99.99%
 136  PP_00027JL_Germany_2019-09-03                            0.00%    passed     99.88%
 137  PP_00027KJ_Germany_2019-08-19                            0.00%    passed    100.00%
 138  PP_00027LG_Germany_2019-09-24                            0.00%    passed     99.96%
 139  PP_00027ME_Germany_2019-09-09                            0.00%    passed     99.96%
 140  PP_00027NC_Germany_2019-09-04                            0.00%    passed     99.97%
 141  PP_00027PA_Germany_2019-09-09                            0.00%    passed     99.92%
 142  PP_00027Q8_Germany_2019-09-04                            0.00%    passed     99.99%
 143  PP_00027R6_Germany_2019-09-04                            0.00%    passed     99.88%
 144  PP_00027S4_Germany_2019-08-14                            0.00%    passed     99.96%
 145  PP_00027T2_Germany_2019-09-09                            0.00%    passed     99.99%
 146  PP_00027U0_Germany_2019-09-17                            0.00%    passed    100.00%
 147  PP_00027VY_Germany_2019-08-26                            0.00%    passed     99.94%
 148  PP_00027WW_Germany_2019-09-05                            0.00%    passed     99.95%
 149  PP_00027XU_Germany_2019-09-03                            0.00%    passed    100.00%
 150  PP_00027YS_Germany_2019                                  0.00%    passed     99.98%
 151  PP_00027ZQ_Germany_2019                                  0.00%    passed     99.99%
 152  PP_000280N_Germany_2019                                 50.16%    passed     69.30%
 153  PP_000281L_Germany_2018                                 55.16%    passed     31.26%
 154  PP_00029NA_Slovakia_2014                                 0.00%    passed     99.99%
 155  PP_00029WU_Slovakia_2013                                 0.00%    passed    100.00%
 156  PP_0002CUV_Austria_2015                                  0.00%    passed     99.27%
 157  PP_0002CVT_Austria_2015                                  0.00%    passed     99.99%
 158  PP_0002CWR_Austria_2015                                  0.00%    passed     99.29%
 159  PP_0002CXP_Austria_2015                                  0.00%    passed     99.87%
 160  PP_0002CYM_Austria_2015                                  0.00%    passed     99.99%
 161  PP_0002CZK_Austria_2015                                  0.00%    passed     99.43%
 162  PP_0002D0H_Austria_2015                                  0.00%    passed     99.98%
 163  PP_0002D1F_Austria_2015                                  0.00%    passed     99.92%
 164  PP_0002D2D_Austria_2015                                  0.00%    passed     99.99%
 165  PP_0002D3B_Austria_2016                                  0.00%    passed     99.89%
 166  PP_0002D49_Austria_2016                                  0.00%    passed     99.99%
 167  PP_0002D57_Austria_2016                                  0.00%    passed     99.87%
 168  PP_0002D65_Austria_2016                                  0.00%    passed     99.99%
 169  PP_0002D73_Austria_2016                                  0.00%    passed     99.99%
 170  PP_0002D81_Austria_2016                                  0.00%    passed     99.95%
 171  PP_0002D9Z_Austria_2016                                  0.00%    passed     99.99%
 172  PP_0002DSY_Belgium_2017-10                               0.00%    passed     99.67%
 173  PP_0002GHD_Slovakia_2013                                 0.00%    passed     99.94%
 174  PP_0002GJB_Slovakia_2013                                 0.00%    passed     99.69%
 175  PP_0002WBC_Greece_2017-07                                0.00%    passed     98.43%
 176  PP_0002X9F_Germany_2018-08                               0.00%    passed     99.61%
 177  PP_0002XAD_Germany_2018-08-22                            0.00%    passed    100.00%
 178  PP_0002XBB_Romania_2014                                  0.00%    passed     99.73%
 179  PP_0002XC9_Romania_2014                                  0.00%    passed     99.93%
 180  PP_0002XD7_Germany_2018                                  0.00%    passed    100.00%
 181  PP_0002XLS_Germany_2018                                  0.00%    passed     99.87%
 182  PP_00030FY_Greece_2017-07                                0.00%    passed     99.02%
 183  PP_00030XZ_Slovenia_2018                                 0.00%    passed     99.97%
 184  PP_00030YX_Slovenia_2018-08-23                           0.00%    passed     99.89%
 185  PP_000310T_Iran_2017                                     0.00%    passed     95.19%
 186  PP_0003199_Greece_2018-08                                0.00%    passed     99.23%
 187  PP_00031A7_Greece_2018-08                                0.00%    passed     98.51%
 188  PP_00031B5_Greece_2018-09                                0.00%    passed     99.24%
 189  PP_00031C3_Greece_2018-08                                0.01%    passed     98.96%
 190  PP_00031D1_Greece_2018-07-17                             0.00%    passed     99.28%
 191  PP_00031EZ_Greece_2018-07-17                             0.00%    passed     96.37%
 192  PP_00031FX_Greece_2018-08-23                             0.00%    passed     99.12%
 193  PP_00031GV_Greece_2012-08-02                             0.00%    passed     99.90%
 194  PP_00031HS_Greece_2012-08-22                             0.00%    passed     99.96%
 195  PP_00031JQ_Greece_2012-09-05                             0.00%    passed     99.77%
 196  PP_00031LL_Greece_2010-09-30                             0.00%    passed     99.98%
 197  PP_00031MJ_Greece_2011-07-06                             0.00%    passed     99.99%
 198  PP_00031NG_Greece_2012-08-27                             0.00%    passed     99.96%
 199  PP_00031PE_Russia_2018                                   1.14%    passed     99.62%
 200  PP_00031RA_Russia_2018                                   0.00%    passed     99.59%
 201  PP_00031S8_Russia_2018                                   0.00%    passed     99.72%
 202  PP_00031T6_Greece_2018-07                                0.00%    passed     99.11%
 203  PP_00031U4_Greece_2018-07                                0.00%    passed     98.51%
 204  PP_00031V2_Greece_2018-08                                0.00%    passed     98.70%
 205  PP_00031W0_Germany_2019                                  0.00%    passed     99.96%
 206  PP_00031XY_Germany_2019                                 51.76%    passed     59.14%
 207  PP_00031YW_Germany_2019                                  0.00%    passed     99.83%
 208  PP_00031ZU_Germany_2019                                  0.00%    passed     99.99%
 209  PP_000320S_Germany_2019                                  0.00%    passed     99.96%
 210  PP_000321Q_Russia_2018                                   0.00%    passed     99.82%
 211  PP_000322N_Russia_2018                                   0.00%    passed     99.69%
 212  PP_000323L_Russia_2018                                   0.00%    passed     99.61%
 213  PP_000324J_Russia_2018                                   0.00%    passed     99.56%
 214  PP_000325G_Russia_2018                                   0.00%    passed     99.75%
 215  PP_000326E_Russia_2018                                   1.16%    passed     99.49%
 216  PP_00032KM_Italy_2018                                    0.00%    passed     99.90%
 217  PP_00032LK_Italy_2016                                    0.00%    passed     99.74%
 218  PP_00032MH_Italy_2016                                    0.00%    passed     99.84%
 219  PP_00032NF_Italy_2016                                    0.00%    passed     99.92%
 220  PP_00032PD_Italy_2018                                    0.00%    passed     99.88%
 221  PP_00032QB_Italy_2018                                    0.00%    passed     99.14%
 222  PP_00032R9_Italy_2018                                    0.00%    passed     99.95%
 223  PP_00032S7_Italy_2016                                    0.00%    passed     99.80%
 224  PP_000342L_Greece_2019-07                                0.00%    passed     98.74%
 225  PP_000343J_Greece_2019-07                                0.00%    passed     98.74%
 226  PP_000344G_Bulgaria_2018-08                              0.00%    passed     99.90%
 227  PP_00036EU_Netherlands_2020-09                           8.64%    passed     98.50%
 228  PP_00036FS_Netherlands_2020-08                           0.01%    passed     99.98%
 229  PP_00036HM_Germany_2020-08                               0.00%    passed     99.86%
 230  PP_00036JK_Germany_2020-08                               0.00%    passed     99.95%
 231  PP_00036KH_Germany_2020-08                               6.13%    passed     99.06%
 232  PP_00036LF_Germany_2020-08                               0.00%    passed     99.98%
 233  PP_00036MD_Germany_2020-08                               0.00%    passed     99.98%
 234  PP_000371K_Namibia_2020                                  0.00%    passed     99.12%
 235  PP_00037KG_Slovakia_2018-11-16                           0.00%    passed     99.96%
 236  PP_00037MC_Serbia_2018-07-12                             0.00%    passed     99.90%
 237  PP_00037NA_Serbia_2018-08-28                             0.00%    passed     99.83%
 238  PP_00037P8_Serbia_2015-08-10                             0.00%    passed     99.28%
 239  PP_00037Q6_Serbia_2018-06-25                             0.00%    passed     99.69%
 240  PP_00037R4_Serbia_2018-10-16                             0.00%    passed     98.90%
 241  PP_00037S2_Serbia_2020-09-15                             0.00%    passed     99.25%
 242  PP_00037T0_Serbia_2020-09-15                             0.00%    passed     98.79%
 243  PP_00037UY_Serbia_2018-07-24                             0.00%    passed     99.83%
 244  PP_00037VW_Serbia_2018-07-12                             0.00%    passed     99.33%
 245  PP_00037WU_Serbia_2018-07-26                             0.00%    passed     99.90%
 246  PP_00037XS_Serbia_2018-07-12                             0.00%    passed     99.89%
 247  PP_00037YQ_Serbia_2018-07-12                             0.00%    passed     99.25%
 248  PP_00037ZN_Serbia_2018-07-12                             0.00%    passed     99.81%
 249  PP_00038HK_Italy_2012                                    0.03%    passed    100.00%
 250  PP_00038JH_Italy_2013                                    0.46%    passed     99.99%
 251  PP_00038KF_Italy_2015                                    0.46%    passed     99.88%
 252  PP_00038LD_Italy_2015                                    0.46%    passed     99.89%
 253  PP_00038MB_Italy_2015                                    0.46%    passed     99.79%
 254  PP_00038N9_Italy_2015                                    0.46%    passed     99.32%
 255  PP_00038P7_Italy_2015                                    0.46%    passed     99.99%
 256  PP_00038Q5_Italy_2015                                    0.46%    passed     99.74%
 257  PP_00038R3_Italy_2015                                    0.46%    passed     99.29%
 258  PP_00038TZ_Italy_2015                                    0.46%    passed     99.87%
 259  PP_00038UX_Italy_2015                                    0.46%    passed     99.99%
 260  PP_00038VV_Italy_2015                                    0.46%    passed     99.34%
 261  PP_00038WT_Italy_2015                                    0.46%    passed     99.34%
 262  PP_00038XR_Italy_2016                                    0.46%    passed     99.99%
 263  PP_00038YP_Italy_2017                                    0.00%    passed     99.89%
 264  PP_000390K_Italy_2017                                    0.46%    passed     98.77%
 265  PP_000391H_Italy_2017                                    0.46%    passed     99.62%
 266  PP_000392F_Italy_2018                                    0.00%    passed     99.62%
 267  PP_000393D_Italy_2018                                    0.00%    passed     99.30%
 268  PP_000394B_Italy_2018                                    0.00%    passed     99.82%
 269  PP_0003959_Italy_2018                                    0.01%    passed     99.86%
 270  PP_0003975_Italy_2018                                    0.00%    passed     99.97%
 271  PP_0003983_Italy_2018                                    0.00%    passed     99.94%
 272  PP_0003991_Italy_2018                                    0.00%    passed     99.94%
 273  PP_00039AZ_Italy_2018                                    0.00%    passed     99.99%
 274  PP_00039BX_Italy_2018                                    0.02%    passed     99.92%
 275  PP_00039CV_Italy_2018                                    0.00%    passed     99.98%
 276  PP_00039ER_Italy_2018                                    0.01%    passed     99.98%
 277  PP_00039FP_Italy_2018                                    0.00%    passed     99.76%
 278  PP_00039GM_Italy_2019                                    0.00%    passed     99.81%
 279  PP_00039HJ_Italy_2019                                    0.00%    passed    100.00%
 280  PP_00039JG_Italy_2019                                    0.00%    passed     99.98%
 281  PP_00039KE_Italy_2019                                    0.00%    passed    100.00%
 282  PP_00039MA_Italy_2019                                    0.00%    passed     99.98%
 283  PP_00039N8_Italy_2019                                    0.03%    passed     99.98%
 284  PP_00039P6_Italy_2020                                    0.00%    passed     99.90%
 285  PP_00039R2_Kosovo_2018-09                                0.00%    passed     99.87%
 286  PP_00039S0_Kosovo_2018-09                                0.00%    passed     99.93%
 287  PP_00039TY_Kosovo_2018-09                                0.00%    passed     99.98%
 288  PP_00039UW_Kosovo_2018-09                                0.00%    passed     99.94%
 289  PP_00039VU_Netherlands_2020-09                           0.00%    passed    100.00%
 290  PP_0003AM9_Hungary_2004                                  0.00%    passed     99.99%
 291  PP_0003AN7_Germany_2021-08                               0.01%    passed     99.97%
 292  PP_0003AP5_Germany_2021-08                               0.00%    passed    100.00%
 293  PP_0003AQ3_Hungary_2017                                  0.00%    passed     99.74%
 294  PP_0003AR1_Germany_2021-08                               0.00%    passed     99.97%
 295  PP_0003AUV_Hungary_2016                                  0.00%    passed     99.82%
 296  PP_0003AVT_Hungary_2016                                  0.00%    passed     99.68%
 297  PP_0003AWR_Hungary_2015                                  0.00%    passed     99.81%
 298  PP_0003AXP_Hungary_2015                                  0.00%    passed     99.42%
 299  PP_0003AYM_Hungary_2017                                  0.00%    passed     99.98%
 300  PP_0003AZK_Hungary_2017                                  0.00%    passed     99.99%
 301  PP_0003B0H_Hungary_2017                                  0.00%    passed     99.98%
 302  PP_0003B1F_Hungary_2018                                  0.00%    passed     99.98%
 303  PP_0003B2D_Hungary_2018                                  0.00%    passed     99.72%
 304  PP_0003B3B_Hungary_2018                                  0.00%    passed     99.92%
 305  PP_0003B49_Hungary_2018                                  0.00%    passed     96.79%
 306  PP_0003B57_Hungary_2018                                  0.00%    passed     99.85%
 307  PP_0003B65_Hungary_2018                                  0.00%    passed     97.58%
 308  PP_0003B73_Hungary_2018                                  0.00%    passed     99.90%
 309  PP_0003B81_Hungary_2018                                  0.00%    passed     99.72%
 310  PP_0003B9Z_Hungary_2018                                  0.00%    passed     99.81%
 311  PP_0003BAX_Hungary_2018                                  4.20%    passed     98.80%
 312  PP_0003BBV_Hungary_2018                                  0.00%    passed     99.98%
 313  PP_0003BCT_Hungary_2017                                  0.00%    passed     98.37%
 314  PP_0003BDR_Hungary_2018                                  0.00%    passed     99.94%
 315  PP_0003BEP_Hungary_2018                                  0.00%    passed     99.95%
 316  PP_0003BFM_Hungary_2018                                  0.00%    passed     99.85%
 317  PP_0003DJC_Greece_2018-08                                0.00%    passed     99.77%
 318  PP_0003DKA_Greece_2018-08                                0.00%    passed     98.81%
 319  PP_0003DL8_Greece_2018-09                                0.00%    passed     99.28%
 320  PP_0003DM6_Greece_2019-07                                0.00%    passed     98.33%
 321  PP_0003DN4_Greece_2019-08                                0.00%    passed     99.75%
 322  PP_0003DP2_Greece_2019-08                                0.00%    passed     99.89%
 323  PP_0003DQ0_Greece_2019-08                                0.00%    passed     99.24%
 324  PP_0003DRY_Greece_2019-08                                0.00%    passed     97.78%
 325  PP_0003DSW_Greece_2019-08                                0.00%    passed     99.64%
 326  PP_0003DTU_Greece_2020-07                                0.00%    passed     96.73%
 327  PP_0003DUS_Greece_2020-08                                0.00%    passed     99.94%
 328  PP_0003DVQ_Greece_2020-09                                0.00%    passed     98.52%
 329  PP_0003DWN_Greece_2019-07                                0.00%    passed     99.89%
 330  PP_0003DXL_Greece_2019-07                                0.00%    passed     97.72%
 331  PP_0003DYJ_Greece_2019-08                                0.00%    passed     97.84%
 332  PP_0003DZG_Greece_2020-08                                0.00%    passed     99.94%
 333  PP_0003E0E_Greece_2020-07                                0.00%    passed     99.96%
 334  PP_0003E1C_Greece_2020-07                                0.00%    passed     99.98%
 335  PP_0003E2A_Greece_2020-08                                0.00%    passed     99.95%
 336  PP_0003E38_Greece_2020-08                                0.00%    passed     99.95%
 337  PP_0003E46_Greece_2020-08                                0.00%    passed     99.89%
 338  PP_0003E54_Greece_2020-08                                0.00%    passed     99.95%
 339  PP_0003E62_Greece_2020-07                                0.00%    passed     99.96%
 340  PP_0003E70_Greece_2021-08                                0.00%    passed     99.93%
 341  PP_0003E8Y_Greece_2021-08                                0.00%    passed     99.93%
 342  PP_0003E9W_Greece_2021-08                                0.00%    passed     99.84%
 343  PP_0003EAU_Greece_2021-08                                0.00%    passed     99.81%
 344  PP_0003EBS_Greece_2021-08                                0.00%    passed     99.81%
 345  PP_0003ECQ_Greece_2021-08                                0.00%    passed     99.93%
 346  PP_0003EDN_Spain_2017-09                                 0.00%    passed     99.98%
 347  PP_0003EEL_Spain_2020-09                                 0.00%    passed     99.91%
 348  PP_0003EFJ_Spain_2020-09                                 0.01%    passed     99.86%
 349  PP_0003EGG_Spain_2020-09                                 0.00%    passed     99.99%
 350  PP_0003FJA_Italy_2020-09-07                              0.00%    passed     99.90%
 351  PP_0003FK8_Italy_2020-09-01                              0.00%    passed     99.99%
 352  PP_0003FL6_Italy_2021-08-19                              0.00%    passed     99.94%
 353  PP_0003FM4_Italy_2021-08-18                              0.12%    passed     99.98%
 354  PP_0003FN2_Italy_2021-08-26                              0.00%    passed     99.99%
 355  PP_0003FP0_Italy_2021-08-29                              0.22%    passed     99.60%
 356  PP_0003FQY_Italy_2021-08-10                              0.00%    passed     99.98%
 357  PP_0003FRW_Italy_2021-09-16                              0.00%    passed     99.32%
 358  PP_0003FSU_Italy_2021-08-03                              0.33%    passed     99.74%
 359  PP_0003FTS_Italy_2022-01-25                              8.88%    passed     90.27%
 360  PP_0003FVN_Netherlands_2020-10-18                        0.00%    passed     99.99%
 361  PP_0003GCN_Italy_2021                                    0.00%    passed     99.85%
 362  PP_0003GDL_Italy_2021                                    0.00%    passed     99.97%
 363  PP_0003GEJ_Italy_2021                                    0.71%    passed     99.24%
 364  PP_0003GFG_Italy_2022                                    0.00%    passed     99.98%
 365  PP_0003GN1_Italy_2021                                    0.55%    passed     99.92%
 366  PP_0003GPZ_Italy_2021                                    0.60%    passed     99.77%
 367  PP_0003H0B_Hungary_2021-08                               0.00%    passed     99.38%
 368  PP_0003H19_Hungary_2021-08                               0.00%    passed     99.61%
 369  PP_0003H27_Russia_2021                                   0.00%    passed     98.33%
 370  PP_0003H35_Russia_2021                                   0.00%    passed     98.33%
 371  PP_0003H43_Russia_2021                                   0.00%    passed     98.33%
 372  PP_0003H51_Russia_2021                                   0.00%    passed     98.33%
 373  PP_0003H6Z_Russia_2021                                   0.00%    passed     98.33%
 374  PP_0003H7X_Russia_2021                                   0.00%    passed     98.17%
 375  PP_0003H8V_Russia_2021                                   0.00%    passed     98.33%
 376  PP_0003H9T_Russia_2021                                   0.00%    passed     98.33%
 377  PP_0003HAR_Russia_2021                                   0.00%    passed     98.33%
 378  PP_0003HBP_Russia_2021                                   0.00%    passed     98.33%
 379  PP_0003HCM_Russia_2021                                   0.00%    passed     99.66%
 380  PP_0003HDK_Russia_2021                                   0.00%    passed     99.28%
 381  PP_0003HEH_Russia_2021                                   0.00%    passed     99.75%
 382  PP_0003HFF_Russia_2021                                   0.00%    passed     98.33%
 383  PP_0003HGD_Russia_2021                                   0.00%    passed     98.33%
 384  PP_0003HHA_Russia_2021                                   0.00%    passed     98.33%
 385  PP_0003HJ8_Russia_2021                                   0.00%    passed     98.33%
 386  PP_0003HK6_Russia_2020                                   0.00%    passed     99.66%
 387  PP_0003HL4_Russia_2020                                   0.00%    passed     99.70%
 388  PP_0003HM2_Russia_2020                                   0.00%    passed     99.66%
 389  PP_0003HN0_Russia_2020                                   0.00%    passed     99.66%
 390  PP_0003HPY_Russia_2020                                   0.00%    passed     99.76%
 391  PP_0003HQW_Russia_2019                                   0.00%    passed     99.48%
 392  PP_0003HRU_Russia_2019                                   0.91%    passed     99.81%
 393  PP_0003HSS_Uganda_2018-06                                0.29%    passed     99.64%
 394  PP_0003K6X_Italy_2022-08-10                              0.00%    passed    100.00%
 395  PP_0003K7V_Italy_2022-08-10                              0.01%    passed     99.94%
 396  PP_0003K8T_Italy_2022-08-18                              0.00%    passed     99.82%
 397  PP_0003K9R_Italy_2022-08-25                              0.00%    passed     99.85%
 398  PP_0003KBM_Italy_2022-08-31                              0.00%    passed    100.00%
 399  PP_0003KCK_Italy_2022-09-02                              0.00%    passed    100.00%
 400  PP_0003KDH_Italy_2022-09-09                              0.02%    passed     99.99%
 401  PP_0003KVJ_Netherlands_2020-09-15                        0.00%    passed     99.98%
 402  PP_0003KWG_Netherlands_2020-09-15                        0.00%    passed     99.99%
 403  PP_0003KXE_Netherlands_2020-09-15                        0.00%    passed    100.00%
 404  PP_0003KYC_Netherlands_2020-09-27                        0.00%    passed     99.97%
 405  PP_0003L08_Netherlands_2020-09-26                       16.72%    passed     91.30%
 406  PP_0003L16_Netherlands_2020-10-18                        0.00%    passed     99.99%
 407  PP_0003L24_Poland_2022-10                                0.05%    passed     99.48%
 408  PP_0003L32_Germany_2021                                  0.02%    passed     99.88%
 409  PP_0003L40_Germany_2021-07-29                            0.00%    passed     99.91%
 410  PP_0003L5Y_Germany_2021-07-29                            0.00%    passed     99.93%
 411  PP_0003LPV_Italy_2022-08-04                              0.00%    passed    100.00%
 412  PP_0003LQT_Italy_2022-08-24                              0.00%    passed     99.85%
 413  PP_0003LRR_Italy_2022-09-01                              0.01%    passed     99.93%
 414  PP_0003LSP_Italy_2021-08-10                              1.58%    passed     99.11%
 415  PP_0003LTM_Italy_2021-08-20                              0.66%    passed    100.00%
 416  PP_0003LUK_Italy_2021-10-24                              0.86%    passed     99.97%
 417  PP_0003M6V_Greece_2022-08-31                             0.00%    passed     99.92%
 418  PP_0003M7T_Greece_2022-08-19                             0.00%    passed     99.89%
 419  PP_0003M8R_Greece_2022-08-16                             0.00%    passed     99.89%
 420  PP_0003M9P_Greece_2022-07-26                             0.01%    passed     99.88%
 421  PP_0003MAM_Greece_2022-06-29                             0.00%    passed     99.89%
 422  PP_0003MBK_Greece_2022-08-31                             0.00%    passed     99.89%
 423  PP_0003MCH_Greece_2022-09-07                             0.00%    passed     99.89%
 424  PP_0003MDF_Greece_2022-08-18                             0.00%    passed     99.89%
 425  PP_0003MED_Greece_2022-07-13                             0.00%    passed     99.93%
 426  PP_0003MFB_Greece_2022-07-29                             0.00%    passed     99.89%
 427  PP_0003MG9_Greece_2022-08-03                             0.00%    passed     99.89%
 428  PP_0003MH6_Greece_2022-08-18                             0.00%    passed     99.95%
 429  PP_0003MJ4_Greece_2022-08-22                             0.00%    passed     99.93%
 430  PP_0003MK2_Greece_2022-08-31                             0.00%    passed     99.93%
 431  PP_0003ML0_Greece_2022-08-29                             0.00%    passed     99.83%
 432  PP_0003MMY_Greece_2022-08-16                             0.01%    passed     99.88%
 433  PP_0003MNW_Greece_2022-08-24                             0.00%    passed     99.90%
 434  PP_0003MPU_Greece_2022-07-11                             0.00%    passed     99.96%
 435  PP_0003MQS_Greece_2022-08-24                             0.00%    passed     99.93%
 436  PP_0003MRQ_Greece_2022-08-30                             0.00%    passed     99.75%
 437  PP_0003MSN_Greece_2022-07-27                             0.00%    passed     99.93%
 438  PP_0003MTL_Greece_2022-08-08                             0.00%    passed     99.83%
 439  PP_0003MUJ_Greece_2022-07-28                             0.00%    passed     99.90%
 440  PP_0003MVG_Greece_2022-08-10                             0.00%    passed     99.92%
 441  PP_0003MWE_Greece_2022-07-18                             0.00%    passed     99.66%
 442  PP_0003MZ8_Italy_2022-10-07                              2.33%    passed     99.39%
 443  PP_0003N06_Italy_2022-11-02                              6.79%    passed     97.62%
 444  PP_0003N22_Russia_2022                                   0.00%    passed     96.63%
 445  PP_0003N30_Russia_2022                                   0.00%    passed     98.88%
 446  PP_0003N4Y_Russia_2022                                   0.00%    passed     98.50%
 447  PP_0003N5W_Russia_2022                                   0.00%    passed     97.83%
 448  PP_0003N7S_Germany_2021-05-19                            0.00%    passed    100.00%
 449  PP_0004C38_Germany_2022-07-25                            0.00%    passed     99.97%
 450  PP_0004C46_Germany_2022-07-25                            0.00%    passed     99.96%
 451  PP_0004C54_Germany_2022-07-25                            0.00%    passed     99.96%
 452  PP_0004C62_Germany_2022-08-18                            0.00%    passed     99.94%
 453  PP_0004C8Y_Switzerland_2022-08                           5.32%    passed     99.41%
 454  PP_0004C9W_Switzerland_2022-08                           1.72%    passed     99.50%
 455  PP_0004CAU_Switzerland_2022-09                           1.81%    passed     99.76%
 456  PP_0004CBS_Switzerland_2022-09                           0.00%    passed     99.98%
 457  PP_0004CCQ_Switzerland_2022-09                           2.57%    passed     99.66%
 458  PP_0004CDN_Switzerland_2022-08                           1.57%    passed     99.92%
 459  PP_0004CEL_Switzerland_2022-10                           0.00%    passed     99.93%
 460  PP_0004CFJ_Switzerland_2022-09                           0.00%    passed     99.95%
 461  PP_0004CGG_Russia_2022                                   0.20%    passed     98.71%
 462  PP_0004CHD_Russia_2022                                   0.00%    passed     98.88%
 463  PP_0004CJB_Russia_2022                                   0.00%    passed     97.83%
 464  PP_0004CK9_Russia_2022                                   0.00%    passed     98.50%
 465  PP_0004CL7_Russia_2022                                   0.00%    passed     98.80%
 466  PP_0004CRX_Russia_2023                                   0.00%    passed     98.49%
 467  PP_0004CSV_Russia_2023                                   0.00%    passed     97.73%
 468  PP_0004CTT_Russia_2023                                   0.00%    passed     97.79%
 469  PP_0004CUR_Russia_2023                                   0.00%    passed     97.73%
 470  PP_0004CVP_Russia_2023                                   0.00%    passed     99.97%
 471  PP_0004CXK_Russia_2023                                   0.00%    passed     99.93%
 472  PP_0004CYH_Russia_2023                                   0.00%    passed     98.49%
 473  PP_0004CZF_Russia_2023                                   0.00%    passed     97.83%
 474  PP_0004D0D_Russia_2023                                   0.00%    passed     97.83%
 475  PP_0004D1B_Russia_2023                                   0.00%    passed     97.83%
 476  PP_0004D29_Russia_2023                                   0.00%    passed     98.50%
 477  PP_0004D37_Russia_2023                                   0.00%    passed     98.33%
 478  PP_0004D45_Russia_2023                                   0.00%    passed     97.83%
 479  PP_0004D53_Russia_2023                                   0.00%    passed     97.73%
 480  PP_0004D61_Russia_2023                                   0.00%    passed     98.49%
 481  PP_0004DK8_Germany_2020-09                               0.00%    passed    100.00%
 482  PP_0004DL6_Germany_2020-09-02                            0.00%    passed     99.96%
 483  PP_0004DM4_Germany_2020-08                               0.00%    passed     99.87%
 484  PP_0004DN2_Germany_2020-09                               0.00%    passed     99.94%
 485  PP_0004DP0_Germany_2020-07-12                            0.00%    passed     99.98%
 486  PP_0004DQY_Germany_2020-08                               0.00%    passed     99.99%
 487  PP_0004DRW_Germany_2020-09-02                            0.00%    passed     99.99%
 488  PP_0004DSU_Germany_2020-09                               0.00%    passed     99.99%
 489  PP_0004DTS_Germany_2020-07-30                            0.00%    passed     99.92%
 490  PP_0004DUQ_Germany_2020-08                               0.00%    passed     99.92%
 491  PP_0004DVN_Germany_2020-09                               0.00%    passed     99.98%
 492  PP_0004DWL_Germany_2020-08-22                            0.00%    passed     99.89%
 493  PP_0004DXJ_Germany_2020-08                               0.00%    passed     99.91%
 494  PP_0004DYG_Germany_2020-07-12                            0.00%    passed    100.00%
 495  PP_0004DZE_Germany_2020-08-31                            0.00%    passed     99.97%
 496  PP_0004E0C_Germany_2020-08                               0.00%    passed     99.68%
 497  PP_0004E1A_Germany_2020-08-18                            0.00%    passed     99.93%
 498  PP_0004E28_Germany_2020                                  0.00%    passed     99.97%
 499  PP_0004E36_Germany_2020-08-23                            0.00%    passed     99.95%
 500  PP_0004E44_Germany_2020-09-21                            0.00%    passed     99.79%
 501  PP_0004E52_Germany_2020-09-02                            0.00%    passed     99.99%
 502  PP_0004E60_Germany_2020-08                               0.00%    passed     99.93%
 503  PP_0004E7Y_Germany_2020-08-25                            0.00%    passed     99.99%
 504  PP_0004E8W_Germany_2020-08-14                            0.00%    passed     99.98%
 505  PP_0004E9U_Germany_2020-09                               0.00%    passed    100.00%
 506  PP_0004EAS_Germany_2020-08                               0.00%    passed     99.98%
 507  PP_0004EBQ_Germany_2019                                  0.00%    passed     99.98%
 508  PP_0004ECN_Germany_2020-09                               0.00%    passed     99.94%
 509  PP_0004EDL_Germany_2020-08-11                            0.00%    passed     99.96%
 510  PP_0004EEJ_Germany_2020-08-09                            0.00%    passed     99.99%
 511  PP_0004EFG_Germany_2020-08                               0.00%    passed     99.99%
 512  PP_0004EGE_Germany_2020-09                               0.00%    passed     99.98%
 513  PP_0004EHB_Germany_2020-08                               0.00%    passed     99.98%
 514  PP_0004EJ9_Germany_2020-08-15                            0.00%    passed     99.99%
 515  PP_0004EK7_Germany_2020-08-01                            0.00%    passed     99.98%
 516  PP_0004EL5_Germany_2020-08-08                            0.00%    passed     99.84%
 517  PP_0004EM3_Germany_2020-08-13                            0.00%    passed     99.99%
 518  PP_0004EN1_Germany_2020-08-19                            0.00%    passed     99.99%
 519  PP_0004EPZ_Germany_2020-08-18                            0.00%    passed     99.99%
 520  PP_0004EQX_Germany_2018-09-11                            0.00%    passed     99.98%
 521  PP_0004ERV_Germany_2020-08-18                            0.00%    passed     99.98%
 522  PP_0004EST_Germany_2020-06-13                            0.00%    passed     99.98%
 523  PP_0004ETR_Germany_2020-09-29                            0.00%    passed     99.84%
 524  PP_0004EUP_Germany_2020-07-07                            0.00%    passed     99.96%
 525  PP_0004EVM_Germany_2020-09                               0.00%    passed     99.90%
 526  PP_0004EWK_Germany_2020-08-26                            0.00%    passed     99.97%
 527  PP_0004EXH_Italy_2023-07-15                              1.79%    passed     98.97%
 528  PP_0004EYF_Italy_2023-07-15                              0.00%    passed     99.91%
 529  PP_0004EZD_Italy_2023-07-15                              0.00%    passed     99.96%
 530  PP_0004F0B_Italy_2023-07-15                              2.50%    passed     99.46%
 531  PP_0004F19_Italy_2023-07-28                              0.00%    passed     99.52%
 532  PP_0004F27_Italy_2023-08-10                              0.00%    passed     99.96%
 533  PP_0004F35_Italy_2023-08-10                              0.00%    passed     99.93%
 534  PP_0004F43_Italy_2023-08-11                              0.00%    passed     99.65%
 535  PP_0004F51_Italy_2023-08-17                              0.00%    passed     99.81%
 536  PP_0004F7X_Italy_2023-08-17                              0.02%    passed     99.90%
 537  PP_0004F8V_Italy_2023-07-26                              0.00%    passed     99.99%
 538  PP_0004F9T_Italy_2023-07-28                              0.39%    passed     99.98%
 539  PP_0004FAR_Italy_2023-07-28                              1.15%    passed     99.64%
 540  PP_0004FBP_Italy_2023-07-28                              0.00%    passed     99.96%
 541  PP_0004FCM_Italy_2023-07-28                              2.05%    passed     98.94%
 542  PP_0004FDK_Italy_2023-07-11                              0.49%    passed     99.99%
 543  PP_0004FFF_Italy_2023-07-20                              0.00%    passed     99.99%
 544  PP_0004FGD_Italy_2023-07-26                              0.00%    passed     99.89%
 545  PP_0004FHA_Italy_2023-07-26                              0.00%    passed     99.97%
 546  PP_0004FJ8_Italy_2023-07-26                              0.00%    passed     99.82%
 547  PP_0004FK6_Italy_2023-07-26                              2.60%    passed     98.46%
 548  PP_0004FL4_Italy_2023-08-11                              0.00%    passed     99.47%
 549  PP_0004FM2_Italy_2023-08-11                              0.00%    passed     99.94%
 550  PP_0004FPY_Italy_2023-08-11                              0.01%    passed     99.98%
 551  PP_0004FQW_Italy_2023-08-11                              0.00%    passed     99.99%
 552  PP_0004FRU_Italy_2023-08-17                              1.40%    passed     97.91%
 553  PP_0004FSS_Italy_2023-08-11                              0.00%    passed     99.99%
 554  PP_0004FTQ_Italy_2023-08-11                              0.01%    passed     99.69%
 555  PP_0004FUN_Italy_2023-08-11                              0.00%    passed     99.99%
 556  PP_0004FVL_Italy_2023-08-11                              0.00%    passed     99.99%
 557  PP_0004FXG_Italy_2023-08-17                              0.00%    passed     99.76%
 558  PP_0004FYE_Italy_2023-08-11                              0.00%    passed     99.99%
 559  PP_0004FZC_Italy_2023-08-11                              0.01%    passed     99.98%
 560  PP_0004G0A_Italy_2023-08-11                              0.00%    passed     99.95%
 561  PP_0004G18_Italy_2023-08-09                              0.16%    passed     99.62%
 562  PP_0004G26_Italy_2023-08-04                              0.48%    passed    100.00%
 563  PP_0004G34_Italy_2023-08-04                              0.01%    passed     99.90%
 564  PP_0004G50_Italy_2023-08-04                              0.49%    passed    100.00%
 565  PP_0004G6Y_Italy_2023-08-09                              0.00%    passed     99.15%
 566  PP_0004G7W_Italy_2023-08-09                              0.00%    passed     99.91%
 567  PP_0004G8U_Italy_2023-08-09                              0.00%    passed    100.00%
 568  PP_0004G9S_Italy_2023-08-09                              0.34%    passed     99.89%
 569  PP_0004GAQ_Italy_2023-08-09                              0.00%    passed     99.89%
 570  PP_0004GBN_Italy_2023-08-09                              0.00%    passed     99.99%
 571  PP_0004GDJ_Italy_2023-08-09                              0.00%    passed     99.98%
 572  PP_0004GEG_Italy_2023-09-08                              0.00%    passed     99.99%
 573  PP_0004GFE_Italy_2023-09-13                              0.00%    passed     99.99%
 574  PP_0004GGC_Italy_2023-09-08                              0.00%    passed     99.98%
 575  PP_0004GH9_Italy_2023-08-28                              0.00%    passed     99.98%
 576  PP_0004GJ7_Italy_2023-09-15                              0.00%    passed     99.98%
 577  PP_0004H09_Hungary_2023                                  0.00%    passed     99.13%
 578  PP_0004H17_Hungary_2023                                  0.36%    passed     99.79%
 579  PP_0004H25_Hungary_2023                                  0.00%    passed     98.32%
 580  PP_0004H33_Hungary_2023                                  0.00%    passed     99.80%
 581  PP_0004H41_Hungary_2023                                  0.00%    passed     99.71%
 582  PP_0004H5Z_Hungary_2023                                  0.00%    passed     98.73%
 583  PP_0004H7V_Italy_2023-10-11                              0.29%    passed     99.15%
 584  PP_0004JRR_Italy_2022                                   17.80%    passed     93.86%
 585  PP_0004JSP_Serbia_2022                                   0.00%    passed     99.08%
 586  PP_0004JTM_Serbia_2018                                   5.79%    passed     89.39%
 587  PP_0004JUK_Serbia_2018                                   5.79%    passed     89.83%
 588  PP_0004JVH_Serbia_2018                                   5.79%    passed     86.81%
 589  PP_0004JWF_Serbia_2022                                   0.06%    passed     98.88%
 590  PP_0004JXD_Serbia_2022                                   0.00%    passed     99.72%
 591  PP_0004JYB_Serbia_2018                                  13.95%    passed     92.39%
 592  PP_0004JZ9_Serbia_2022                                   0.00%    passed     99.84%
 593  PP_0004K07_Serbia_2022                                   0.00%    passed     98.04%
 594  PP_0004K15_Serbia_2023                                   0.00%    passed     99.49%
 595  PP_0008CFA_Democratic-Republic-of-the-Congo_1958         0.00%    passed     96.03%
 596  PP_0008KJW_Greece_2010                                   0.00%    passed    100.00%
 597  PP_000JB76_Madagascar_1978                               0.00%    failed      2.45%
 598  PP_000JGXL_South-Africa_2001                             0.00%    passed     98.69%
 599  PP_000JNXE_South-Africa_1989                             0.04%    passed     97.08%
 600  PP_000JNZA_South-Africa_2000                             0.00%    passed     99.80%
 601  PP_000JP08_South-Africa_1958                             0.00%    passed     99.54%
 602  PP_000JXPM_Russia_2007                                   0.00%    passed     99.85%
 603  PP_000RY3D_Romania_2023                                  0.00%    passed     99.90%
 604  PP_000RY4B_Romania_2023                                  0.00%    passed     99.18%
 605  PP_000RZ90_Italy_2024-09                                 0.00%    passed     99.28%
 606  PP_000RZAY_Italy_2024-09                                 0.00%    passed     99.66%
 607  PP_000RZBW_Italy_2024-09                                 0.00%    passed     99.62%
 608  PP_000RZCU_Italy_2024-09                                 0.10%    passed     99.33%
 609  PP_000RZDS_Italy_2024-09                                 0.00%    passed     99.71%
 610  PP_000RZEQ_Italy_2024-09                                 0.00%    passed     99.84%
 611  PP_000RZFN_Italy_2024-09                                 0.00%    passed     99.66%
 612  PP_000S2WL_Croatia_2023                                  3.98%    passed     89.81%
 613  PP_000SMA8_Spain_2024-08-12                              1.85%    passed     99.66%
 614  PP_000SMPF_Netherlands_2024-10-09                        0.00%    passed     99.58%
 615  PP_000SNRA_Poland_2024-07-26                             0.00%    passed     98.33%
 616  PP_000SNS8_Poland_2024-07-26                             0.00%    passed     99.52%
 617  PP_000SNT6_Poland_2024-07-26                             0.00%    passed     99.66%
 618  PP_000SNU4_Poland_2024-07-26                             0.00%    passed     99.45%
 619  PP_0010ZZ1_Russia_2021                                   0.00%    passed     99.81%
 620  PP_00115T5_Spain_2023-07-28                              0.00%    passed     99.85%
WARNING: 3 sequences contain more than 50% gaps/ambiguity
****  TOTAL                                                    0.77%  1 sequences failed composition chi2 test (p-value<5%; df=3)
NOTE: p67_France-17_2023-10-03 is identical to p63_France-17_2023-10-03 but kept for subsequent analysis
NOTE: Ollioules-BG3-MX_FRA-Var_2024-08-23 is identical to 77216-2_FRA-Var_2024-08-23 but kept for subsequent analysis
NOTE: Lattes-MX_FRA-Herault_2024-08-28 is identical to Lattes-E12_FRA-Herault_2024-08-28 but kept for subsequent analysis
NOTE: 8402_FRA-CM_2023-07-27 is identical to 8406_FRA-CM_2023-07-31 but kept for subsequent analysis
NOTE: PP_0001G3A_Serbia_2013 is identical to PP_0001G1E_Serbia_2013 but kept for subsequent analysis
NOTE: PP_0002795_Germany_2019-08-30 is identical to PP_000273H_Germany_2019-08-31 but kept for subsequent analysis
NOTE: PP_00027EV_Germany_2018-08-31 is identical to PP_00027B1_Germany_2018-09-03 but kept for subsequent analysis
NOTE: PP_0004EBQ_Germany_2019 is identical to PP_00027YS_Germany_2019 but kept for subsequent analysis
NOTE: PP_0002XD7_Germany_2018 is identical to PP_0002XAD_Germany_2018-08-22 but kept for subsequent analysis
NOTE: PP_00037WU_Serbia_2018-07-26 is identical to PP_00037MC_Serbia_2018-07-12 but kept for subsequent analysis
NOTE: PP_00038WT_Italy_2015 is identical to PP_00038VV_Italy_2015 but kept for subsequent analysis
NOTE: PP_00039MA_Italy_2019 is identical to PP_00039JG_Italy_2019 but kept for subsequent analysis
NOTE: PP_0003DZG_Greece_2020-08 is identical to PP_0003DUS_Greece_2020-08 but kept for subsequent analysis
NOTE: PP_0003E8Y_Greece_2021-08 is identical to PP_0003E70_Greece_2021-08 but kept for subsequent analysis
NOTE: PP_0003EBS_Greece_2021-08 is identical to PP_0003EAU_Greece_2021-08 but kept for subsequent analysis
NOTE: PP_0003L16_Netherlands_2020-10-18 is identical to PP_0003FVN_Netherlands_2020-10-18 but kept for subsequent analysis
NOTE: PP_0003H35_Russia_2021 is identical to PP_0003H27_Russia_2021 but kept for subsequent analysis
NOTE: PP_0003HK6_Russia_2020 is identical to PP_0003HCM_Russia_2021 but kept for subsequent analysis
NOTE: PP_0003M8R_Greece_2022-08-16 is identical to PP_0003M7T_Greece_2022-08-19 but kept for subsequent analysis
NOTE: PP_0003MG9_Greece_2022-08-03 is identical to PP_0003MFB_Greece_2022-07-29 but kept for subsequent analysis
NOTE: PP_0004CHD_Russia_2022 is identical to PP_0003N30_Russia_2022 but kept for subsequent analysis
NOTE: PP_0004CK9_Russia_2022 is identical to PP_0003N4Y_Russia_2022 but kept for subsequent analysis
NOTE: PP_0004D1B_Russia_2023 is identical to PP_0003N5W_Russia_2022 but kept for subsequent analysis
NOTE: PP_0004C54_Germany_2022-07-25 is identical to PP_0004C46_Germany_2022-07-25 but kept for subsequent analysis
NOTE: PP_0004CZF_Russia_2023 is identical to PP_0004CJB_Russia_2022 but kept for subsequent analysis
NOTE: PP_0004D61_Russia_2023 is identical to PP_0004CRX_Russia_2023 but kept for subsequent analysis
NOTE: PP_0004CUR_Russia_2023 is identical to PP_0004CSV_Russia_2023 but kept for subsequent analysis
NOTE: PP_0004E52_Germany_2020-09-02 is identical to PP_0004DRW_Germany_2020-09-02 but kept for subsequent analysis
NOTE: 21 identical sequences (see below) will be ignored for subsequent analysis
NOTE: 8403_FRA-CM_2023-07-27 (identical to 8406_FRA-CM_2023-07-31) is ignored but added at the end
NOTE: 8404_FRA-CM_2023-07-17 (identical to 8406_FRA-CM_2023-07-31) is ignored but added at the end
NOTE: 8405_FRA-CM_2023-07-17 (identical to 8406_FRA-CM_2023-07-31) is ignored but added at the end
NOTE: PP_0003N7S_Germany_2021-05-19 (identical to PP_0002XAD_Germany_2018-08-22) is ignored but added at the end
NOTE: PP_0003H43_Russia_2021 (identical to PP_0003H27_Russia_2021) is ignored but added at the end
NOTE: PP_0003H51_Russia_2021 (identical to PP_0003H27_Russia_2021) is ignored but added at the end
NOTE: PP_0003H6Z_Russia_2021 (identical to PP_0003H27_Russia_2021) is ignored but added at the end
NOTE: PP_0003H8V_Russia_2021 (identical to PP_0003H27_Russia_2021) is ignored but added at the end
NOTE: PP_0003H9T_Russia_2021 (identical to PP_0003H27_Russia_2021) is ignored but added at the end
NOTE: PP_0003HAR_Russia_2021 (identical to PP_0003H27_Russia_2021) is ignored but added at the end
NOTE: PP_0003HBP_Russia_2021 (identical to PP_0003H27_Russia_2021) is ignored but added at the end
NOTE: PP_0003HFF_Russia_2021 (identical to PP_0003H27_Russia_2021) is ignored but added at the end
NOTE: PP_0003HGD_Russia_2021 (identical to PP_0003H27_Russia_2021) is ignored but added at the end
NOTE: PP_0003HHA_Russia_2021 (identical to PP_0003H27_Russia_2021) is ignored but added at the end
NOTE: PP_0003HJ8_Russia_2021 (identical to PP_0003H27_Russia_2021) is ignored but added at the end
NOTE: PP_0004D37_Russia_2023 (identical to PP_0003H27_Russia_2021) is ignored but added at the end
NOTE: PP_0003HM2_Russia_2020 (identical to PP_0003HCM_Russia_2021) is ignored but added at the end
NOTE: PP_0003HN0_Russia_2020 (identical to PP_0003HCM_Russia_2021) is ignored but added at the end
NOTE: PP_0004D45_Russia_2023 (identical to PP_0003N5W_Russia_2022) is ignored but added at the end
NOTE: PP_0004D0D_Russia_2023 (identical to PP_0004CJB_Russia_2022) is ignored but added at the end
NOTE: PP_0004D53_Russia_2023 (identical to PP_0004CSV_Russia_2023) is ignored but added at the end

For your convenience alignment with unique sequences printed to /home/rklitting/Documents/GitHub/WNV_phylo_2024-2025/alns/west-nile_nuc_aln_CDS_renamed620_time_loc_wHumMozAnim_clean_2025-08-26.fasta.uniqueseq.phy


Create initial parsimony tree by phylogenetic likelihood library (PLL)... 0.487 seconds
NOTE: ModelFinder requires 843 MB RAM!
ModelFinder will test 286 DNA models (sample size: 10302) ...
 No. Model         -LnL         df  AIC          AICc         BIC
  1  JC            74505.403    1195 151400.806   151714.713   160052.718
  2  JC+I          72256.180    1196 146904.359   147218.827   155563.511
  3  JC+G4         72013.365    1196 146418.729   146733.196   155077.881
  4  JC+I+G4       71959.213    1197 146312.426   146627.453   154978.817
  5  JC+R2         72013.529    1197 146421.058   146736.086   155087.450
  6  JC+R3         71883.852    1199 146165.703   146481.854   154846.575
